[INFO ] 2019-03-15T09:04:22,324Z [main] manifests.Manifests.info - 111 attributes loaded from 124 stream(s) in 2s, 111 saved, 1959 ignored: ["ActiveMQ-Version", "Agent-Class", "Ant-Version", "Application-Class", "Application-Library-Allowable-Codebase", "Application-Name", "Application-Version", "Archiver-Version", "Automatic-Module-Name", "Bnd-LastModified", "Branch", "Build-Date", "Build-Host", "Build-Id", "Build-Java-Version", "Build-Jdk", "Build-Job", "Build-Number", "Build-Timestamp", "Built-By", "Built-OS", "Built-Status", "Bundle-Activator", "Bundle-Category", "Bundle-ClassPath", "Bundle-Copyright", "Bundle-Description", "Bundle-DocURL", "Bundle-License", "Bundle-ManifestVersion", "Bundle-Name", "Bundle-RequiredExecutionEnvironment", "Bundle-SymbolicName", "Bundle-Vendor", "Bundle-Version", "Caller-Allowable-Codebase", "Can-Redefine-Classes", "Can-Retransform-Classes", "Can-Set-Native-Method-Prefix", "Caplets", "Change", "Codebase", "Corda-Platform-Version", "Corda-Release-Version", "Corda-Revision", "Corda-Vendor", "Created-By", "DynamicImport-Package", "Eclipse-BuddyPolicy", "Eclipse-LazyStart", "Export-Package", "Extension-Name", "Fragment-Host", "Gradle-Version", "Ignore-Package", "Implementation-Build", "Implementation-Build-Date", "Implementation-Title", "Implementation-URL", "Implementation-Url", "Implementation-Vendor", "Implementation-Vendor-Id", "Implementation-Version", "Import-Package", "Include-Resource", "JCabi-Build", "JCabi-Date", "JCabi-Version", "JVM-Args", "Java-Agents", "Java-Vendor", "Java-Version", "Kotlin-Runtime-Component", "Kotlin-Version", "Log4jReleaseKey", "Log4jReleaseManager", "Log4jReleaseVersion", "Main-Class", "Main-class", "Manifest-Version", "Min-Java-Version", "Min-Update-Version", "Module-Email", "Module-Origin", "Module-Owner", "Module-Source", "Multi-Release", "Originally-Created-By", "Os-Arch", "Os-Name", "Os-Version", "Package", "Permissions", "Premain-Class", "Private-Package", "Provide-Capability", "Require-Capability", "SCM-Revision", "SCM-url", "Scm-Connection", "Scm-Revision", "Scm-Url", "Service-Component", "Specification-Title", "Specification-Vendor", "Specification-Version", "System-Properties", "Tool", "Trusted-Library", "X-Compile-Source-JDK", "X-Compile-Target-JDK"] {}
[INFO ] 2019-03-15T09:04:22,525Z [main] BasicInfo.printBasicNodeInfo - Logs can be found in                    : /Users/pk/Documents/Studies/idp/project/smart-invoice/build/nodes/PartyA/logs {}
[INFO ] 2019-03-15T09:04:22,657Z [main] config.ConfigHelper.loadConfig - Config:
{
    # reference.conf @ jar:file:/Users/pk/Documents/Studies/idp/project/smart-invoice/build/nodes/PartyA/corda.jar!/reference.conf: 20
    "activeMQServer" : {
        # reference.conf @ jar:file:/Users/pk/Documents/Studies/idp/project/smart-invoice/build/nodes/PartyA/corda.jar!/reference.conf: 21
        "bridge" : {
            # reference.conf @ jar:file:/Users/pk/Documents/Studies/idp/project/smart-invoice/build/nodes/PartyA/corda.jar!/reference.conf: 24
            "maxRetryIntervalMin" : 3,
            # reference.conf @ jar:file:/Users/pk/Documents/Studies/idp/project/smart-invoice/build/nodes/PartyA/corda.jar!/reference.conf: 22
            "retryIntervalMs" : 5000,
            # reference.conf @ jar:file:/Users/pk/Documents/Studies/idp/project/smart-invoice/build/nodes/PartyA/corda.jar!/reference.conf: 23
            "retryIntervalMultiplier" : 1.5
        }
    },
    # hardcoded value
    "baseDirectory" : "/Users/pk/Documents/Studies/idp/project/smart-invoice/build/nodes/PartyA",
    # merge of reference.conf @ jar:file:/Users/pk/Documents/Studies/idp/project/smart-invoice/build/nodes/PartyA/corda.jar!/reference.conf: 6,reference.conf @ jar:file:/Users/pk/Documents/Studies/idp/project/smart-invoice/build/nodes/.cache/apps/net.corda.node.Corda_3.3-corda/corda-node-3.3-corda.jar!/reference.conf: 6
    "dataSourceProperties" : {
        # reference.conf @ jar:file:/Users/pk/Documents/Studies/idp/project/smart-invoice/build/nodes/PartyA/corda.jar!/reference.conf: 10
        "dataSource.password" : "",
        # merge of reference.conf @ jar:file:/Users/pk/Documents/Studies/idp/project/smart-invoice/build/nodes/PartyA/corda.jar!/reference.conf: 8,hardcoded value,reference.conf @ jar:file:/Users/pk/Documents/Studies/idp/project/smart-invoice/build/nodes/PartyA/corda.jar!/reference.conf: 8,reference.conf @ jar:file:/Users/pk/Documents/Studies/idp/project/smart-invoice/build/nodes/PartyA/corda.jar!/reference.conf: 17
        "dataSource.url" : "jdbc:h2:file:/Users/pk/Documents/Studies/idp/project/smart-invoice/build/nodes/PartyA/persistence;DB_CLOSE_ON_EXIT=FALSE;LOCK_TIMEOUT=10000;WRITE_DELAY=100;AUTO_SERVER_PORT=0",
        # reference.conf @ jar:file:/Users/pk/Documents/Studies/idp/project/smart-invoice/build/nodes/PartyA/corda.jar!/reference.conf: 9
        "dataSource.user" : "sa",
        # reference.conf @ jar:file:/Users/pk/Documents/Studies/idp/project/smart-invoice/build/nodes/PartyA/corda.jar!/reference.conf: 7
        "dataSourceClassName" : "org.h2.jdbcx.JdbcDataSource"
    },
    # reference.conf @ jar:file:/Users/pk/Documents/Studies/idp/project/smart-invoice/build/nodes/PartyA/corda.jar!/reference.conf: 12
    "database" : {
        # reference.conf @ jar:file:/Users/pk/Documents/Studies/idp/project/smart-invoice/build/nodes/PartyA/corda.jar!/reference.conf: 14
        "exportHibernateJMXStatistics" : "false",
        # reference.conf @ jar:file:/Users/pk/Documents/Studies/idp/project/smart-invoice/build/nodes/PartyA/corda.jar!/reference.conf: 13
        "transactionIsolationLevel" : "REPEATABLE_READ"
    },
    # reference.conf @ jar:file:/Users/pk/Documents/Studies/idp/project/smart-invoice/build/nodes/PartyA/corda.jar!/reference.conf: 16
    "devMode" : true,
    # reference.conf @ jar:file:/Users/pk/Documents/Studies/idp/project/smart-invoice/build/nodes/PartyA/corda.jar!/reference.conf: 2
    "emailAddress" : "admin@company.com",
    # reference.conf @ jar:file:/Users/pk/Documents/Studies/idp/project/smart-invoice/build/nodes/PartyA/corda.jar!/reference.conf: 3
    "exportJMXto" : "http",
    # reference.conf @ jar:file:/Users/pk/Documents/Studies/idp/project/smart-invoice/build/nodes/PartyA/corda.jar!/reference.conf: 31
    "flowTimeout" : {
        # reference.conf @ jar:file:/Users/pk/Documents/Studies/idp/project/smart-invoice/build/nodes/PartyA/corda.jar!/reference.conf: 34
        "backoffBase" : 1.8,
        # reference.conf @ jar:file:/Users/pk/Documents/Studies/idp/project/smart-invoice/build/nodes/PartyA/corda.jar!/reference.conf: 33
        "maxRestartCount" : 5,
        # reference.conf @ jar:file:/Users/pk/Documents/Studies/idp/project/smart-invoice/build/nodes/PartyA/corda.jar!/reference.conf: 32
        "timeout" : "30 seconds"
    },
    # reference.conf @ jar:file:/Users/pk/Documents/Studies/idp/project/smart-invoice/build/nodes/PartyA/corda.jar!/reference.conf: 17
    "h2port" : 0,
    # reference.conf @ jar:file:/Users/pk/Documents/Studies/idp/project/smart-invoice/build/nodes/PartyA/corda.jar!/reference.conf: 4
    "keyStorePassword" : "cordacadevpass",
    # /Users/pk/Documents/Studies/idp/project/smart-invoice/build/nodes/PartyA/node.conf: 1
    "myLegalName" : "O=PartyA,L=London,C=GB",
    # hardcoded value
    "noLocalShell" : false,
    # /Users/pk/Documents/Studies/idp/project/smart-invoice/build/nodes/PartyA/node.conf: 2
    "p2pAddress" : "localhost:10005",
    # merge of /Users/pk/Documents/Studies/idp/project/smart-invoice/build/nodes/PartyA/node.conf: 3,reference.conf @ jar:file:/Users/pk/Documents/Studies/idp/project/smart-invoice/build/nodes/PartyA/corda.jar!/reference.conf: 27
    "rpcSettings" : {
        # /Users/pk/Documents/Studies/idp/project/smart-invoice/build/nodes/PartyA/node.conf: 4
        "address" : "localhost:10006",
        # /Users/pk/Documents/Studies/idp/project/smart-invoice/build/nodes/PartyA/node.conf: 5
        "adminAddress" : "localhost:10046",
        # reference.conf @ jar:file:/Users/pk/Documents/Studies/idp/project/smart-invoice/build/nodes/PartyA/corda.jar!/reference.conf: 29
        "standAloneBroker" : false,
        # reference.conf @ jar:file:/Users/pk/Documents/Studies/idp/project/smart-invoice/build/nodes/PartyA/corda.jar!/reference.conf: 28
        "useSsl" : false
    },
    # /Users/pk/Documents/Studies/idp/project/smart-invoice/build/nodes/PartyA/node.conf: 7
    "rpcUsers" : [
        # /Users/pk/Documents/Studies/idp/project/smart-invoice/build/nodes/PartyA/node.conf: 8
        {
            # /Users/pk/Documents/Studies/idp/project/smart-invoice/build/nodes/PartyA/node.conf: 9
            "password" : "test",
            # /Users/pk/Documents/Studies/idp/project/smart-invoice/build/nodes/PartyA/node.conf: 10
            "permissions" : [
                # /Users/pk/Documents/Studies/idp/project/smart-invoice/build/nodes/PartyA/node.conf: 11
                "ALL"
            ],
            # /Users/pk/Documents/Studies/idp/project/smart-invoice/build/nodes/PartyA/node.conf: 13
            "user" : "user1"
        }
    ],
    # reference.conf @ jar:file:/Users/pk/Documents/Studies/idp/project/smart-invoice/build/nodes/PartyA/corda.jar!/reference.conf: 5
    "trustStorePassword" : "trustpass",
    # reference.conf @ jar:file:/Users/pk/Documents/Studies/idp/project/smart-invoice/build/nodes/PartyA/corda.jar!/reference.conf: 18
    "useTestClock" : false,
    # reference.conf @ jar:file:/Users/pk/Documents/Studies/idp/project/smart-invoice/build/nodes/PartyA/corda.jar!/reference.conf: 19
    "verifierType" : "InMemory"
}
 {}
[WARN ] 2019-03-15T09:04:23,433Z [main] internal.config.defaultToOldPath - Config key user has been deprecated and will be removed in a future release. Use username instead {}
[INFO ] 2019-03-15T09:04:23,511Z [main] internal.Node.logStartupInfo - Vendor: Corda Open Source {}
[INFO ] 2019-03-15T09:04:23,511Z [main] internal.Node.logStartupInfo - Release: 3.3-corda {}
[INFO ] 2019-03-15T09:04:23,512Z [main] internal.Node.logStartupInfo - Platform Version: 3 {}
[INFO ] 2019-03-15T09:04:23,512Z [main] internal.Node.logStartupInfo - Revision: c834162cd488784a0412bba4c9e638da89912ac2 {}
[INFO ] 2019-03-15T09:04:23,512Z [main] internal.Node.logStartupInfo - PID: 13917 {}
[INFO ] 2019-03-15T09:04:23,513Z [main] internal.Node.logStartupInfo - Main class: /Users/pk/Documents/Studies/idp/project/smart-invoice/build/nodes/.cache/apps/net.corda.node.Corda_3.3-corda/corda-node-3.3-corda.jar {}
[INFO ] 2019-03-15T09:04:23,513Z [main] internal.Node.logStartupInfo - CommandLine Args: -Xmx200m -XX:+UseG1GC -javaagent:/Users/pk/Documents/Studies/idp/project/smart-invoice/build/nodes/.cache/apps/net.corda.node.Corda_3.3-corda/quasar-core-0.7.9-jdk8.jar=x(antlr**;bftsmart**;ch**;co.paralleluniverse**;com.codahale**;com.esotericsoftware**;com.fasterxml**;com.google**;com.ibm**;com.intellij**;com.jcabi**;com.nhaarman**;com.opengamma**;com.typesafe**;com.zaxxer**;de.javakaffee**;groovy**;groovyjarjarantlr**;groovyjarjarasm**;io.atomix**;io.github**;io.netty**;jdk**;joptsimple**;junit**;kotlin**;net.bytebuddy**;net.i2p**;org.apache**;org.assertj**;org.bouncycastle**;org.codehaus**;org.crsh**;org.dom4j**;org.fusesource**;org.h2**;org.hamcrest**;org.hibernate**;org.jboss**;org.jcp**;org.joda**;org.junit**;org.mockito**;org.objectweb**;org.objenesis**;org.slf4j**;org.w3c**;org.xml**;org.yaml**;reflectasm**;rx**;org.jolokia**) -Dvisualvm.display.name=Corda -Djava.library.path=/Users/pk/Library/Java/Extensions:/Library/Java/Extensions:/Network/Library/Java/Extensions:/System/Library/Java/Extensions:/usr/lib/java:/Users/pk/Documents/Studies/idp/project/smart-invoice/build/nodes/.cache/apps/net.corda.node.Corda_3.3-corda -Dcapsule.app=net.corda.node.Corda_3.3-corda -Dcapsule.dir=/Users/pk/Documents/Studies/idp/project/smart-invoice/build/nodes/.cache/apps/net.corda.node.Corda_3.3-corda -Dcapsule.jar=/Users/pk/Documents/Studies/idp/project/smart-invoice/build/nodes/PartyA/corda.jar {}
[INFO ] 2019-03-15T09:04:23,513Z [main] internal.Node.logStartupInfo - Application Args: --just-generate-node-info {}
[INFO ] 2019-03-15T09:04:23,513Z [main] internal.Node.logStartupInfo - bootclasspath: /Library/Java/JavaVirtualMachines/jdk1.8.0_191.jdk/Contents/Home/jre/lib/resources.jar:/Library/Java/JavaVirtualMachines/jdk1.8.0_191.jdk/Contents/Home/jre/lib/rt.jar:/Library/Java/JavaVirtualMachines/jdk1.8.0_191.jdk/Contents/Home/jre/lib/sunrsasign.jar:/Library/Java/JavaVirtualMachines/jdk1.8.0_191.jdk/Contents/Home/jre/lib/jsse.jar:/Library/Java/JavaVirtualMachines/jdk1.8.0_191.jdk/Contents/Home/jre/lib/jce.jar:/Library/Java/JavaVirtualMachines/jdk1.8.0_191.jdk/Contents/Home/jre/lib/charsets.jar:/Library/Java/JavaVirtualMachines/jdk1.8.0_191.jdk/Contents/Home/jre/lib/jfr.jar:/Library/Java/JavaVirtualMachines/jdk1.8.0_191.jdk/Contents/Home/jre/classes {}
[INFO ] 2019-03-15T09:04:23,514Z [main] internal.Node.logStartupInfo - classpath: /Users/pk/Documents/Studies/idp/project/smart-invoice/build/nodes/PartyA/corda.jar:/Users/pk/Documents/Studies/idp/project/smart-invoice/build/nodes/.cache/apps/net.corda.node.Corda_3.3-corda/corda-rpc-3.3-corda.jar:/Users/pk/Documents/Studies/idp/project/smart-invoice/build/nodes/.cache/apps/net.corda.node.Corda_3.3-corda/corda-node-api-3.3-corda.jar:/Users/pk/Documents/Studies/idp/project/smart-invoice/build/nodes/.cache/apps/net.corda.node.Corda_3.3-corda/corda-confidential-identities-3.3-corda.jar:/Users/pk/Documents/Studies/idp/project/smart-invoice/build/nodes/.cache/apps/net.corda.node.Corda_3.3-corda/cordform-common-3.2.1.jar:/Users/pk/Documents/Studies/idp/project/smart-invoice/build/nodes/.cache/apps/net.corda.node.Corda_3.3-corda/log4j-slf4j-impl-2.9.1.jar:/Users/pk/Documents/Studies/idp/project/smart-invoice/build/nodes/.cache/apps/net.corda.node.Corda_3.3-corda/log4j-web-2.9.1.jar:/Users/pk/Documents/Studies/idp/project/smart-invoice/build/nodes/.cache/apps/net.corda.node.Corda_3.3-corda/jul-to-slf4j-1.7.25.jar:/Users/pk/Documents/Studies/idp/project/smart-invoice/build/nodes/.cache/apps/net.corda.node.Corda_3.3-corda/corda-jackson-3.3-corda.jar:/Users/pk/Documents/Studies/idp/project/smart-invoice/build/nodes/.cache/apps/net.corda.node.Corda_3.3-corda/corda-core-3.3-corda.jar:/Users/pk/Documents/Studies/idp/project/smart-invoice/build/nodes/.cache/apps/net.corda.node.Corda_3.3-corda/kotlin-stdlib-jre8-1.1.60.jar:/Users/pk/Documents/Studies/idp/project/smart-invoice/build/nodes/.cache/apps/net.corda.node.Corda_3.3-corda/jackson-module-kotlin-2.9.2.jar:/Users/pk/Documents/Studies/idp/project/smart-invoice/build/nodes/.cache/apps/net.corda.node.Corda_3.3-corda/kotlin-reflect-1.1.60.jar:/Users/pk/Documents/Studies/idp/project/smart-invoice/build/nodes/.cache/apps/net.corda.node.Corda_3.3-corda/jimfs-1.1.jar:/Users/pk/Documents/Studies/idp/project/smart-invoice/build/nodes/.cache/apps/net.corda.node.Corda_3.3-corda/artemis-amqp-protocol-2.2.0.jar:/Users/pk/Documents/Studies/idp/project/smart-invoice/build/nodes/.cache/apps/net.corda.node.Corda_3.3-corda/artemis-server-2.2.0.jar:/Users/pk/Documents/Studies/idp/project/smart-invoice/build/nodes/.cache/apps/net.corda.node.Corda_3.3-corda/artemis-jdbc-store-2.2.0.jar:/Users/pk/Documents/Studies/idp/project/smart-invoice/build/nodes/.cache/apps/net.corda.node.Corda_3.3-corda/artemis-jms-client-2.2.0.jar:/Users/pk/Documents/Studies/idp/project/smart-invoice/build/nodes/.cache/apps/net.corda.node.Corda_3.3-corda/artemis-core-client-2.2.0.jar:/Users/pk/Documents/Studies/idp/project/smart-invoice/build/nodes/.cache/apps/net.corda.node.Corda_3.3-corda/artemis-journal-2.2.0.jar:/Users/pk/Documents/Studies/idp/project/smart-invoice/build/nodes/.cache/apps/net.corda.node.Corda_3.3-corda/artemis-commons-2.2.0.jar:/Users/pk/Documents/Studies/idp/project/smart-invoice/build/nodes/.cache/apps/net.corda.node.Corda_3.3-corda/guava-21.0.jar:/Users/pk/Documents/Studies/idp/project/smart-invoice/build/nodes/.cache/apps/net.corda.node.Corda_3.3-corda/jopt-simple-5.0.2.jar:/Users/pk/Documents/Studies/idp/project/smart-invoice/build/nodes/.cache/apps/net.corda.node.Corda_3.3-corda/commons-collections4-4.1.jar:/Users/pk/Documents/Studies/idp/project/smart-invoice/build/nodes/.cache/apps/net.corda.node.Corda_3.3-corda/shiro-core-1.4.0.jar:/Users/pk/Documents/Studies/idp/project/smart-invoice/build/nodes/.cache/apps/net.corda.node.Corda_3.3-corda/shiro-config-ogdl-1.4.0.jar:/Users/pk/Documents/Studies/idp/project/smart-invoice/build/nodes/.cache/apps/net.corda.node.Corda_3.3-corda/commons-beanutils-1.9.3.jar:/Users/pk/Documents/Studies/idp/project/smart-invoice/build/nodes/.cache/apps/net.corda.node.Corda_3.3-corda/jansi-1.14.jar:/Users/pk/Documents/Studies/idp/project/smart-invoice/build/nodes/.cache/apps/net.corda.node.Corda_3.3-corda/jcabi-manifests-1.1.jar:/Users/pk/Documents/Studies/idp/project/smart-invoice/build/nodes/.cache/apps/net.corda.node.Corda_3.3-corda/forms_rt-7.0.3.jar:/Users/pk/Documents/Studies/idp/project/smart-invoice/build/nodes/.cache/apps/net.corda.node.Corda_3.3-corda/metrics-core-3.1.2.jar:/Users/pk/Documents/Studies/idp/project/smart-invoice/build/nodes/.cache/apps/net.corda.node.Corda_3.3-corda/config-1.3.1.jar:/Users/pk/Documents/Studies/idp/project/smart-invoice/build/nodes/.cache/apps/net.corda.node.Corda_3.3-corda/h2-1.4.194.jar:/Users/pk/Documents/Studies/idp/project/smart-invoice/build/nodes/.cache/apps/net.corda.node.Corda_3.3-corda/postgresql-42.1.4.jar:/Users/pk/Documents/Studies/idp/project/smart-invoice/build/nodes/.cache/apps/net.corda.node.Corda_3.3-corda/HikariCP-2.5.1.jar:/Users/pk/Documents/Studies/idp/project/smart-invoice/build/nodes/.cache/apps/net.corda.node.Corda_3.3-corda/hibernate-java8-5.2.6.Final.jar:/Users/pk/Documents/Studies/idp/project/smart-invoice/build/nodes/.cache/apps/net.corda.node.Corda_3.3-corda/hibernate-core-5.2.6.Final.jar:/Users/pk/Documents/Studies/idp/project/smart-invoice/build/nodes/.cache/apps/net.corda.node.Corda_3.3-corda/copycat-client-1.2.3.jar:/Users/pk/Documents/Studies/idp/project/smart-invoice/build/nodes/.cache/apps/net.corda.node.Corda_3.3-corda/copycat-server-1.2.3.jar:/Users/pk/Documents/Studies/idp/project/smart-invoice/build/nodes/.cache/apps/net.corda.node.Corda_3.3-corda/catalyst-netty-1.1.2.jar:/Users/pk/Documents/Studies/idp/project/smart-invoice/build/nodes/.cache/apps/net.corda.node.Corda_3.3-corda/netty-all-4.1.9.Final.jar:/Users/pk/Documents/Studies/idp/project/smart-invoice/build/nodes/.cache/apps/net.corda.node.Corda_3.3-corda/crash.connectors.ssh-cadb53544fbb3c0fb901445da614998a6a419488.jar:/Users/pk/Documents/Studies/idp/project/smart-invoice/build/nodes/.cache/apps/net.corda.node.Corda_3.3-corda/crash.shell-cadb53544fbb3c0fb901445da614998a6a419488.jar:/Users/pk/Documents/Studies/idp/project/smart-invoice/build/nodes/.cache/apps/net.corda.node.Corda_3.3-corda/okhttp-3.5.0.jar:/Users/pk/Documents/Studies/idp/project/smart-invoice/build/nodes/.cache/apps/net.corda.node.Corda_3.3-corda/commons-codec-1.10.jar:/Users/pk/Documents/Studies/idp/project/smart-invoice/build/nodes/.cache/apps/net.corda.node.Corda_3.3-corda/library-master-v1.1-beta-g6215ec8-87.jar:/Users/pk/Documents/Studies/idp/project/smart-invoice/build/nodes/.cache/apps/net.corda.node.Corda_3.3-corda/jolokia-jvm-1.6.0-agent.jar:/Users/pk/Documents/Studies/idp/project/smart-invoice/build/nodes/.cache/apps/net.corda.node.Corda_3.3-corda/quasar-core-0.7.9-jdk8.jar:/Users/pk/Documents/Studies/idp/project/smart-invoice/build/nodes/.cache/apps/net.corda.node.Corda_3.3-corda/commons-fileupload-1.3.3.jar:/Users/pk/Documents/Studies/idp/project/smart-invoice/build/nodes/.cache/apps/net.corda.node.Corda_3.3-corda/kryo-serializers-0.41.jar:/Users/pk/Documents/Studies/idp/project/smart-invoice/build/nodes/.cache/apps/net.corda.node.Corda_3.3-corda/kryo-4.0.0.jar:/Users/pk/Documents/Studies/idp/project/smart-invoice/build/nodes/.cache/apps/net.corda.node.Corda_3.3-corda/proton-j-0.21.0.jar:/Users/pk/Documents/Studies/idp/project/smart-invoice/build/nodes/.cache/apps/net.corda.node.Corda_3.3-corda/fast-classpath-scanner-2.12.3.jar:/Users/pk/Documents/Studies/idp/project/smart-invoice/build/nodes/.cache/apps/net.corda.node.Corda_3.3-corda/jsr305-3.0.2.jar:/Users/pk/Documents/Studies/idp/project/smart-invoice/build/nodes/.cache/apps/net.corda.node.Corda_3.3-corda/jcabi-log-0.14.jar:/Users/pk/Documents/Studies/idp/project/smart-invoice/build/nodes/.cache/apps/net.corda.node.Corda_3.3-corda/copycat-protocol-1.2.3.jar:/Users/pk/Documents/Studies/idp/project/smart-invoice/build/nodes/.cache/apps/net.corda.node.Corda_3.3-corda/catalyst-transport-1.1.2.jar:/Users/pk/Documents/Studies/idp/project/smart-invoice/build/nodes/.cache/apps/net.corda.node.Corda_3.3-corda/mina-core-2.0.16.jar:/Users/pk/Documents/Studies/idp/project/smart-invoice/build/nodes/.cache/apps/net.corda.node.Corda_3.3-corda/shiro-cache-1.4.0.jar:/Users/pk/Documents/Studies/idp/project/smart-invoice/build/nodes/.cache/apps/net.corda.node.Corda_3.3-corda/shiro-crypto-hash-1.4.0.jar:/Users/pk/Documents/Studies/idp/project/smart-invoice/build/nodes/.cache/apps/net.corda.node.Corda_3.3-corda/shiro-crypto-cipher-1.4.0.jar:/Users/pk/Documents/Studies/idp/project/smart-invoice/build/nodes/.cache/apps/net.corda.node.Corda_3.3-corda/shiro-config-core-1.4.0.jar:/Users/pk/Documents/Studies/idp/project/smart-invoice/build/nodes/.cache/apps/net.corda.node.Corda_3.3-corda/shiro-event-1.4.0.jar:/Users/pk/Documents/Studies/idp/project/smart-invoice/build/nodes/.cache/apps/net.corda.node.Corda_3.3-corda/shiro-crypto-core-1.4.0.jar:/Users/pk/Documents/Studies/idp/project/smart-invoice/build/nodes/.cache/apps/net.corda.node.Corda_3.3-corda/shiro-lang-1.4.0.jar:/Users/pk/Documents/Studies/idp/project/smart-invoice/build/nodes/.cache/apps/net.corda.node.Corda_3.3-corda/jcl-over-slf4j-1.7.25.jar:/Users/pk/Documents/Studies/idp/project/smart-invoice/build/nodes/.cache/apps/net.corda.node.Corda_3.3-corda/catalyst-concurrent-1.1.2.jar:/Users/pk/Documents/Studies/idp/project/smart-invoice/build/nodes/.cache/apps/net.corda.node.Corda_3.3-corda/catalyst-serializer-1.1.2.jar:/Users/pk/Documents/Studies/idp/project/smart-invoice/build/nodes/.cache/apps/net.corda.node.Corda_3.3-corda/catalyst-buffer-1.1.2.jar:/Users/pk/Documents/Studies/idp/project/smart-invoice/build/nodes/.cache/apps/net.corda.node.Corda_3.3-corda/catalyst-common-1.1.2.jar:/Users/pk/Documents/Studies/idp/project/smart-invoice/build/nodes/.cache/apps/net.corda.node.Corda_3.3-corda/sshd-pam-0.11.0.jar:/Users/pk/Documents/Studies/idp/project/smart-invoice/build/nodes/.cache/apps/net.corda.node.Corda_3.3-corda/sshd-core-1.6.0.jar:/Users/pk/Documents/Studies/idp/project/smart-invoice/build/nodes/.cache/apps/net.corda.node.Corda_3.3-corda/slf4j-api-1.7.25.jar:/Users/pk/Documents/Studies/idp/project/smart-invoice/build/nodes/.cache/apps/net.corda.node.Corda_3.3-corda/log4j-core-2.9.1.jar:/Users/pk/Documents/Studies/idp/project/smart-invoice/build/nodes/.cache/apps/net.corda.node.Corda_3.3-corda/log4j-api-2.9.1.jar:/Users/pk/Documents/Studies/idp/project/smart-invoice/build/nodes/.cache/apps/net.corda.node.Corda_3.3-corda/kotlin-stdlib-jre7-1.1.60.jar:/Users/pk/Documents/Studies/idp/project/smart-invoice/build/nodes/.cache/apps/net.corda.node.Corda_3.3-corda/kotlin-stdlib-1.1.60.jar:/Users/pk/Documents/Studies/idp/project/smart-invoice/build/nodes/.cache/apps/net.corda.node.Corda_3.3-corda/commons-collections-3.2.2.jar:/Users/pk/Documents/Studies/idp/project/smart-invoice/build/nodes/.cache/apps/net.corda.node.Corda_3.3-corda/hibernate-commons-annotations-5.0.1.Final.jar:/Users/pk/Documents/Studies/idp/project/smart-invoice/build/nodes/.cache/apps/net.corda.node.Corda_3.3-corda/artemis-native-2.2.0.jar:/Users/pk/Documents/Studies/idp/project/smart-invoice/build/nodes/.cache/apps/net.corda.node.Corda_3.3-corda/jboss-logging-3.3.0.Final.jar:/Users/pk/Documents/Studies/idp/project/smart-invoice/build/nodes/.cache/apps/net.corda.node.Corda_3.3-corda/artemis-selector-2.2.0.jar:/Users/pk/Documents/Studies/idp/project/smart-invoice/build/nodes/.cache/apps/net.corda.node.Corda_3.3-corda/jgroups-3.6.13.Final.jar:/Users/pk/Documents/Studies/idp/project/smart-invoice/build/nodes/.cache/apps/net.corda.node.Corda_3.3-corda/geronimo-json_1.0_spec-1.0-alpha-1.jar:/Users/pk/Documents/Studies/idp/project/smart-invoice/build/nodes/.cache/apps/net.corda.node.Corda_3.3-corda/johnzon-core-0.9.5.jar:/Users/pk/Documents/Studies/idp/project/smart-invoice/build/nodes/.cache/apps/net.corda.node.Corda_3.3-corda/forms-1.1-preview.jar:/Users/pk/Documents/Studies/idp/project/smart-invoice/build/nodes/.cache/apps/net.corda.node.Corda_3.3-corda/jdom-1.0.jar:/Users/pk/Documents/Studies/idp/project/smart-invoice/build/nodes/.cache/apps/net.corda.node.Corda_3.3-corda/jackson-dataformat-yaml-2.9.2.jar:/Users/pk/Documents/Studies/idp/project/smart-invoice/build/nodes/.cache/apps/net.corda.node.Corda_3.3-corda/jackson-datatype-jsr310-2.9.2.jar:/Users/pk/Documents/Studies/idp/project/smart-invoice/build/nodes/.cache/apps/net.corda.node.Corda_3.3-corda/hibernate-jpa-2.1-api-1.0.0.Final.jar:/Users/pk/Documents/Studies/idp/project/smart-invoice/build/nodes/.cache/apps/net.corda.node.Corda_3.3-corda/javassist-3.20.0-GA.jar:/Users/pk/Documents/Studies/idp/project/smart-invoice/build/nodes/.cache/apps/net.corda.node.Corda_3.3-corda/antlr-2.7.7.jar:/Users/pk/Documents/Studies/idp/project/smart-invoice/build/nodes/.cache/apps/net.corda.node.Corda_3.3-corda/geronimo-jta_1.1_spec-1.1.1.jar:/Users/pk/Documents/Studies/idp/project/smart-invoice/build/nodes/.cache/apps/net.corda.node.Corda_3.3-corda/jandex-2.0.3.Final.jar:/Users/pk/Documents/Studies/idp/project/smart-invoice/build/nodes/.cache/apps/net.corda.node.Corda_3.3-corda/classmate-1.3.0.jar:/Users/pk/Documents/Studies/idp/project/smart-invoice/build/nodes/.cache/apps/net.corda.node.Corda_3.3-corda/dom4j-1.6.1.jar:/Users/pk/Documents/Studies/idp/project/smart-invoice/build/nodes/.cache/apps/net.corda.node.Corda_3.3-corda/cdi-api-1.1.jar:/Users/pk/Documents/Studies/idp/project/smart-invoice/build/nodes/.cache/apps/net.corda.node.Corda_3.3-corda/crash.cli-cadb53544fbb3c0fb901445da614998a6a419488.jar:/Users/pk/Documents/Studies/idp/project/smart-invoice/build/nodes/.cache/apps/net.corda.node.Corda_3.3-corda/groovy-all-1.8.9.jar:/Users/pk/Documents/Studies/idp/project/smart-invoice/build/nodes/.cache/apps/net.corda.node.Corda_3.3-corda/okio-1.11.0.jar:/Users/pk/Documents/Studies/idp/project/smart-invoice/build/nodes/.cache/apps/net.corda.node.Corda_3.3-corda/jolokia-core-1.6.0.jar:/Users/pk/Documents/Studies/idp/project/smart-invoice/build/nodes/.cache/apps/net.corda.node.Corda_3.3-corda/json-simple-1.1.1.jar:/Users/pk/Documents/Studies/idp/project/smart-invoice/build/nodes/.cache/apps/net.corda.node.Corda_3.3-corda/rxjava-1.2.4.jar:/Users/pk/Documents/Studies/idp/project/smart-invoice/build/nodes/.cache/apps/net.corda.node.Corda_3.3-corda/commons-jexl3-3.0.jar:/Users/pk/Documents/Studies/idp/project/smart-invoice/build/nodes/.cache/apps/net.corda.node.Corda_3.3-corda/jackson-databind-2.9.2.jar:/Users/pk/Documents/Studies/idp/project/smart-invoice/build/nodes/.cache/apps/net.corda.node.Corda_3.3-corda/eddsa-0.2.0.jar:/Users/pk/Documents/Studies/idp/project/smart-invoice/build/nodes/.cache/apps/net.corda.node.Corda_3.3-corda/bcpkix-jdk15on-1.57.jar:/Users/pk/Documents/Studies/idp/project/smart-invoice/build/nodes/.cache/apps/net.corda.node.Corda_3.3-corda/bcprov-jdk15on-1.57.jar:/Users/pk/Documents/Studies/idp/project/smart-invoice/build/nodes/.cache/apps/net.corda.node.Corda_3.3-corda/commons-io-2.2.jar:/Users/pk/Documents/Studies/idp/project/smart-invoice/build/nodes/.cache/apps/net.corda.node.Corda_3.3-corda/reflectasm-1.11.3.jar:/Users/pk/Documents/Studies/idp/project/smart-invoice/build/nodes/.cache/apps/net.corda.node.Corda_3.3-corda/minlog-1.3.0.jar:/Users/pk/Documents/Studies/idp/project/smart-invoice/build/nodes/.cache/apps/net.corda.node.Corda_3.3-corda/objenesis-2.2.jar:/Users/pk/Documents/Studies/idp/project/smart-invoice/build/nodes/.cache/apps/net.corda.node.Corda_3.3-corda/annotations-13.0.jar:/Users/pk/Documents/Studies/idp/project/smart-invoice/build/nodes/.cache/apps/net.corda.node.Corda_3.3-corda/jackson-annotations-2.9.0.jar:/Users/pk/Documents/Studies/idp/project/smart-invoice/build/nodes/.cache/apps/net.corda.node.Corda_3.3-corda/snakeyaml-1.18.jar:/Users/pk/Documents/Studies/idp/project/smart-invoice/build/nodes/.cache/apps/net.corda.node.Corda_3.3-corda/jackson-core-2.9.2.jar:/Users/pk/Documents/Studies/idp/project/smart-invoice/build/nodes/.cache/apps/net.corda.node.Corda_3.3-corda/el-api-2.2.jar:/Users/pk/Documents/Studies/idp/project/smart-invoice/build/nodes/.cache/apps/net.corda.node.Corda_3.3-corda/jboss-interceptors-api_1.1_spec-1.0.0.Beta1.jar:/Users/pk/Documents/Studies/idp/project/smart-invoice/build/nodes/.cache/apps/net.corda.node.Corda_3.3-corda/jsr250-api-1.0.jar:/Users/pk/Documents/Studies/idp/project/smart-invoice/build/nodes/.cache/apps/net.corda.node.Corda_3.3-corda/javax.inject-1.jar:/Users/pk/Documents/Studies/idp/project/smart-invoice/build/nodes/.cache/apps/net.corda.node.Corda_3.3-corda/jpam-1.1.jar:/Users/pk/Documents/Studies/idp/project/smart-invoice/build/nodes/.cache/apps/net.corda.node.Corda_3.3-corda/geronimo-jms_2.0_spec-1.0-alpha-2.jar:/Users/pk/Documents/Studies/idp/project/smart-invoice/build/nodes/.cache/apps/net.corda.node.Corda_3.3-corda/asm-5.0.4.jar:/Users/pk/Documents/Studies/idp/project/smart-invoice/build/nodes/.cache/apps/net.corda.node.Corda_3.3-corda/corda-node-3.3-corda.jar:/Users/pk/Documents/Studies/idp/project/smart-invoice/build/nodes/.cache/apps/net.corda.node.Corda_3.3-corda/quasar-core-0.7.9-jdk8.jar {}
[INFO ] 2019-03-15T09:04:23,516Z [main] internal.Node.logStartupInfo - VM Java HotSpot(TM) 64-Bit Server VM Oracle Corporation 25.191-b12 {}
[INFO ] 2019-03-15T09:04:23,516Z [main] internal.Node.logStartupInfo - Machine: w208-6j-v4.eduroam.dynamic.rbg.tum.de {}
[INFO ] 2019-03-15T09:04:23,516Z [main] internal.Node.logStartupInfo - Working Directory: /Users/pk/Documents/Studies/idp/project/smart-invoice/build/nodes/PartyA {}
[INFO ] 2019-03-15T09:04:23,519Z [main] internal.Node.logStartupInfo - Starting as node on localhost:10005 {}
[INFO ] 2019-03-15T09:04:23,720Z [main] cordapp.CordappLoader.<init> - No CorDapp paths provided {}
[INFO ] 2019-03-15T09:04:23,980Z [main] internal.Node.generateAndSaveNodeInfo - Generating nodeInfo ... {}
[WARN ] 2019-03-15T09:04:23,981Z [main] internal.Node.initCertificate - Corda node is running in dev mode. {}
[INFO ] 2019-03-15T09:04:25,055Z [main] internal.Node.obtainIdentity - identity-private-key not found in key store /Users/pk/Documents/Studies/idp/project/smart-invoice/build/nodes/PartyA/certificates/nodekeystore.jks, generating fresh key! {}
[INFO ] 2019-03-15T09:04:25,462Z [main] BasicInfo.printBasicNodeInfo - Database connection url is              : jdbc:h2:tcp://131.159.208.235:59107/node {}
[INFO ] 2019-03-15T09:04:25,558Z [main] hikari.HikariDataSource.<init> - HikariPool-1 - Started. {}
[INFO ] 2019-03-15T09:04:25,766Z [main] internal.Node.invoke - Connected to H2 database. {}
[INFO ] 2019-03-15T09:04:25,850Z [main] persistence.HibernateConfiguration.<init> - Init HibernateConfiguration for schemas: [CommonSchemaV1(name=net.corda.core.schemas.CommonSchema, version=1), VaultSchemaV1(name=net.corda.node.services.vault.VaultSchema, version=1), NodeInfoSchemaV1(name=net.corda.node.internal.schemas.NodeInfoSchema, version=1), NodeCoreV1(name=net.corda.node.services.schema.NodeSchemaService$NodeCore, version=1)] {}
[INFO ] 2019-03-15T09:04:25,851Z [main] persistence.HibernateConfiguration.makeSessionFactoryForSchemas - Creating session factory for schemas: [CommonSchemaV1(name=net.corda.core.schemas.CommonSchema, version=1), VaultSchemaV1(name=net.corda.node.services.vault.VaultSchema, version=1), NodeInfoSchemaV1(name=net.corda.node.internal.schemas.NodeInfoSchema, version=1), NodeCoreV1(name=net.corda.node.services.schema.NodeSchemaService$NodeCore, version=1)] {}
[INFO ] 2019-03-15T09:04:26,010Z [main] hibernate.Version.logVersion - HHH000412: Hibernate Core {5.2.6.Final} {}
[INFO ] 2019-03-15T09:04:26,012Z [main] cfg.Environment.<clinit> - HHH000206: hibernate.properties not found {}
[INFO ] 2019-03-15T09:04:26,098Z [main] common.Version.<clinit> - HCANN000001: Hibernate Commons Annotations {5.0.1.Final} {}
[INFO ] 2019-03-15T09:04:26,245Z [main] internal.ConnectionProviderInitiator.initiateService - HHH000130: Instantiating explicit connection provider: net.corda.nodeapi.internal.persistence.HibernateConfiguration$NodeDatabaseConnectionProvider {}
[INFO ] 2019-03-15T09:04:26,269Z [main] dialect.Dialect.<init> - HHH000400: Using dialect: org.hibernate.dialect.H2Dialect {}
[INFO ] 2019-03-15T09:04:26,342Z [main] type.BasicTypeRegistry.register - HHH000270: Type registration [materialized_blob] overrides previous : org.hibernate.type.MaterializedBlobType@691124ee {}
[INFO ] 2019-03-15T09:04:27,809Z [main] connections.access.getIsolatedConnection - HHH10001501: Connection obtained from JdbcConnectionAccess [org.hibernate.engine.jdbc.env.internal.JdbcEnvironmentInitiator$ConnectionProviderJdbcConnectionAccess@11d2714a] for (non-JTA) DDL execution was not in auto-commit mode; the Connection 'local transaction' will be committed and the Connection will be set into auto-commit mode. {}
[INFO ] 2019-03-15T09:04:27,966Z [main] persistence.HibernateConfiguration.makeSessionFactoryForSchemas - Created session factory for schemas: [CommonSchemaV1(name=net.corda.core.schemas.CommonSchema, version=1), VaultSchemaV1(name=net.corda.node.services.vault.VaultSchema, version=1), NodeInfoSchemaV1(name=net.corda.node.internal.schemas.NodeInfoSchema, version=1), NodeCoreV1(name=net.corda.node.services.schema.NodeSchemaService$NodeCore, version=1)] {}
[INFO ] 2019-03-15T09:04:28,293Z [main] internal.QueryTranslatorFactoryInitiator.initiateService - HHH000397: Using ASTQueryTranslatorFactory {}
[INFO ] 2019-03-15T09:04:28,510Z [main] internal.Node.tryDetectIfNotPublicHost - Detected public IP: 2001:4ca0:2003:1920:a8ee:28f3:5bf8:43ce%en0. This will be used instead of the provided "localhost" as the advertised address. {}
[INFO ] 2019-03-15T09:04:28,530Z [main] internal.Node.updateNodeInfo - Node-info has changed so submitting update. Old node-info was null {}
[INFO ] 2019-03-15T09:04:28,531Z [main] network.PersistentNetworkMapCache.addNode - Adding node with info: NodeInfo(addresses=[[2001:4ca0:2003:1920:a8ee:28f3:5bf8:43ce%en0]:10005], legalIdentitiesAndCerts=[O=PartyA, L=London, C=GB], platformVersion=3, serial=1552640668531) {}
[INFO ] 2019-03-15T09:04:28,579Z [main] network.PersistentNetworkMapCache.addNode - No previous node found {}
[INFO ] 2019-03-15T09:04:29,286Z [main] network.PersistentNetworkMapCache.addNode - Done adding node with info: NodeInfo(addresses=[[2001:4ca0:2003:1920:a8ee:28f3:5bf8:43ce%en0]:10005], legalIdentitiesAndCerts=[O=PartyA, L=London, C=GB], platformVersion=3, serial=1552640668531) {}
[INFO ] 2019-03-15T09:04:29,286Z [main] internal.Node.updateNodeInfo - New node-info: NodeInfo(addresses=[[2001:4ca0:2003:1920:a8ee:28f3:5bf8:43ce%en0]:10005], legalIdentitiesAndCerts=[O=PartyA, L=London, C=GB], platformVersion=3, serial=1552640668531) {}
[INFO ] 2019-03-15T09:04:29,627Z [main] internal.Node.run - Node exiting successfully {}
[WARN ] 2019-03-15T09:05:21,041Z [main] internal.config.defaultToOldPath - Config key user has been deprecated and will be removed in a future release. Use username instead {}
[INFO ] 2019-03-15T09:05:21,122Z [main] internal.Node.logStartupInfo - Vendor: Corda Open Source {}
[INFO ] 2019-03-15T09:05:21,123Z [main] internal.Node.logStartupInfo - Release: 3.3-corda {}
[INFO ] 2019-03-15T09:05:21,123Z [main] internal.Node.logStartupInfo - Platform Version: 3 {}
[INFO ] 2019-03-15T09:05:21,124Z [main] internal.Node.logStartupInfo - Revision: c834162cd488784a0412bba4c9e638da89912ac2 {}
[INFO ] 2019-03-15T09:05:21,124Z [main] internal.Node.logStartupInfo - PID: 13995 {}
[INFO ] 2019-03-15T09:05:21,124Z [main] internal.Node.logStartupInfo - Main class: /Users/pk/.capsule/apps/net.corda.node.Corda_3.3-corda/corda-node-3.3-corda.jar {}
[INFO ] 2019-03-15T09:05:21,124Z [main] internal.Node.logStartupInfo - CommandLine Args: -Xmx200m -XX:+UseG1GC -agentlib:jdwp=transport=dt_socket,server=y,suspend=n,address=5006 -javaagent:drivers/jolokia-jvm-1.3.7-agent.jar=port=7006,logHandlerClass=net.corda.node.JolokiaSlf4Adapter -javaagent:/Users/pk/.capsule/apps/net.corda.node.Corda_3.3-corda/quasar-core-0.7.9-jdk8.jar=x(antlr**;bftsmart**;ch**;co.paralleluniverse**;com.codahale**;com.esotericsoftware**;com.fasterxml**;com.google**;com.ibm**;com.intellij**;com.jcabi**;com.nhaarman**;com.opengamma**;com.typesafe**;com.zaxxer**;de.javakaffee**;groovy**;groovyjarjarantlr**;groovyjarjarasm**;io.atomix**;io.github**;io.netty**;jdk**;joptsimple**;junit**;kotlin**;net.bytebuddy**;net.i2p**;org.apache**;org.assertj**;org.bouncycastle**;org.codehaus**;org.crsh**;org.dom4j**;org.fusesource**;org.h2**;org.hamcrest**;org.hibernate**;org.jboss**;org.jcp**;org.joda**;org.junit**;org.mockito**;org.objectweb**;org.objenesis**;org.slf4j**;org.w3c**;org.xml**;org.yaml**;reflectasm**;rx**;org.jolokia**) -Dvisualvm.display.name=Corda -Djava.library.path=/Users/pk/Library/Java/Extensions:/Library/Java/Extensions:/Network/Library/Java/Extensions:/System/Library/Java/Extensions:/usr/lib/java:/Users/pk/.capsule/apps/net.corda.node.Corda_3.3-corda -Dcapsule.app=net.corda.node.Corda_3.3-corda -Dname=PartyA-corda.jar -Dcapsule.dir=/Users/pk/.capsule/apps/net.corda.node.Corda_3.3-corda -Dcapsule.jar=/Users/pk/Documents/Studies/idp/project/smart-invoice/build/nodes/PartyA/corda.jar {}
[INFO ] 2019-03-15T09:05:21,132Z [main] internal.Node.logStartupInfo - Application Args:  {}
[INFO ] 2019-03-15T09:05:21,133Z [main] internal.Node.logStartupInfo - bootclasspath: /Library/Java/JavaVirtualMachines/jdk1.8.0_191.jdk/Contents/Home/jre/lib/resources.jar:/Library/Java/JavaVirtualMachines/jdk1.8.0_191.jdk/Contents/Home/jre/lib/rt.jar:/Library/Java/JavaVirtualMachines/jdk1.8.0_191.jdk/Contents/Home/jre/lib/sunrsasign.jar:/Library/Java/JavaVirtualMachines/jdk1.8.0_191.jdk/Contents/Home/jre/lib/jsse.jar:/Library/Java/JavaVirtualMachines/jdk1.8.0_191.jdk/Contents/Home/jre/lib/jce.jar:/Library/Java/JavaVirtualMachines/jdk1.8.0_191.jdk/Contents/Home/jre/lib/charsets.jar:/Library/Java/JavaVirtualMachines/jdk1.8.0_191.jdk/Contents/Home/jre/lib/jfr.jar:/Library/Java/JavaVirtualMachines/jdk1.8.0_191.jdk/Contents/Home/jre/classes {}
[INFO ] 2019-03-15T09:05:21,133Z [main] internal.Node.logStartupInfo - classpath: /Users/pk/Documents/Studies/idp/project/smart-invoice/build/nodes/PartyA/corda.jar:/Users/pk/.capsule/apps/net.corda.node.Corda_3.3-corda/corda-rpc-3.3-corda.jar:/Users/pk/.capsule/apps/net.corda.node.Corda_3.3-corda/corda-node-api-3.3-corda.jar:/Users/pk/.capsule/apps/net.corda.node.Corda_3.3-corda/corda-confidential-identities-3.3-corda.jar:/Users/pk/.capsule/apps/net.corda.node.Corda_3.3-corda/cordform-common-3.2.1.jar:/Users/pk/.capsule/apps/net.corda.node.Corda_3.3-corda/log4j-slf4j-impl-2.9.1.jar:/Users/pk/.capsule/apps/net.corda.node.Corda_3.3-corda/log4j-web-2.9.1.jar:/Users/pk/.capsule/apps/net.corda.node.Corda_3.3-corda/jul-to-slf4j-1.7.25.jar:/Users/pk/.capsule/apps/net.corda.node.Corda_3.3-corda/corda-jackson-3.3-corda.jar:/Users/pk/.capsule/apps/net.corda.node.Corda_3.3-corda/corda-core-3.3-corda.jar:/Users/pk/.capsule/apps/net.corda.node.Corda_3.3-corda/kotlin-stdlib-jre8-1.1.60.jar:/Users/pk/.capsule/apps/net.corda.node.Corda_3.3-corda/jackson-module-kotlin-2.9.2.jar:/Users/pk/.capsule/apps/net.corda.node.Corda_3.3-corda/kotlin-reflect-1.1.60.jar:/Users/pk/.capsule/apps/net.corda.node.Corda_3.3-corda/jimfs-1.1.jar:/Users/pk/.capsule/apps/net.corda.node.Corda_3.3-corda/artemis-amqp-protocol-2.2.0.jar:/Users/pk/.capsule/apps/net.corda.node.Corda_3.3-corda/artemis-server-2.2.0.jar:/Users/pk/.capsule/apps/net.corda.node.Corda_3.3-corda/artemis-jdbc-store-2.2.0.jar:/Users/pk/.capsule/apps/net.corda.node.Corda_3.3-corda/artemis-jms-client-2.2.0.jar:/Users/pk/.capsule/apps/net.corda.node.Corda_3.3-corda/artemis-core-client-2.2.0.jar:/Users/pk/.capsule/apps/net.corda.node.Corda_3.3-corda/artemis-journal-2.2.0.jar:/Users/pk/.capsule/apps/net.corda.node.Corda_3.3-corda/artemis-commons-2.2.0.jar:/Users/pk/.capsule/apps/net.corda.node.Corda_3.3-corda/guava-21.0.jar:/Users/pk/.capsule/apps/net.corda.node.Corda_3.3-corda/jopt-simple-5.0.2.jar:/Users/pk/.capsule/apps/net.corda.node.Corda_3.3-corda/commons-collections4-4.1.jar:/Users/pk/.capsule/apps/net.corda.node.Corda_3.3-corda/shiro-core-1.4.0.jar:/Users/pk/.capsule/apps/net.corda.node.Corda_3.3-corda/shiro-config-ogdl-1.4.0.jar:/Users/pk/.capsule/apps/net.corda.node.Corda_3.3-corda/commons-beanutils-1.9.3.jar:/Users/pk/.capsule/apps/net.corda.node.Corda_3.3-corda/jansi-1.14.jar:/Users/pk/.capsule/apps/net.corda.node.Corda_3.3-corda/jcabi-manifests-1.1.jar:/Users/pk/.capsule/apps/net.corda.node.Corda_3.3-corda/forms_rt-7.0.3.jar:/Users/pk/.capsule/apps/net.corda.node.Corda_3.3-corda/metrics-core-3.1.2.jar:/Users/pk/.capsule/apps/net.corda.node.Corda_3.3-corda/config-1.3.1.jar:/Users/pk/.capsule/apps/net.corda.node.Corda_3.3-corda/h2-1.4.194.jar:/Users/pk/.capsule/apps/net.corda.node.Corda_3.3-corda/postgresql-42.1.4.jar:/Users/pk/.capsule/apps/net.corda.node.Corda_3.3-corda/HikariCP-2.5.1.jar:/Users/pk/.capsule/apps/net.corda.node.Corda_3.3-corda/hibernate-java8-5.2.6.Final.jar:/Users/pk/.capsule/apps/net.corda.node.Corda_3.3-corda/hibernate-core-5.2.6.Final.jar:/Users/pk/.capsule/apps/net.corda.node.Corda_3.3-corda/copycat-client-1.2.3.jar:/Users/pk/.capsule/apps/net.corda.node.Corda_3.3-corda/copycat-server-1.2.3.jar:/Users/pk/.capsule/apps/net.corda.node.Corda_3.3-corda/catalyst-netty-1.1.2.jar:/Users/pk/.capsule/apps/net.corda.node.Corda_3.3-corda/netty-all-4.1.9.Final.jar:/Users/pk/.capsule/apps/net.corda.node.Corda_3.3-corda/crash.connectors.ssh-cadb53544fbb3c0fb901445da614998a6a419488.jar:/Users/pk/.capsule/apps/net.corda.node.Corda_3.3-corda/crash.shell-cadb53544fbb3c0fb901445da614998a6a419488.jar:/Users/pk/.capsule/apps/net.corda.node.Corda_3.3-corda/okhttp-3.5.0.jar:/Users/pk/.capsule/apps/net.corda.node.Corda_3.3-corda/commons-codec-1.10.jar:/Users/pk/.capsule/apps/net.corda.node.Corda_3.3-corda/library-master-v1.1-beta-g6215ec8-87.jar:/Users/pk/.capsule/apps/net.corda.node.Corda_3.3-corda/jolokia-jvm-1.6.0-agent.jar:/Users/pk/.capsule/apps/net.corda.node.Corda_3.3-corda/quasar-core-0.7.9-jdk8.jar:/Users/pk/.capsule/apps/net.corda.node.Corda_3.3-corda/commons-fileupload-1.3.3.jar:/Users/pk/.capsule/apps/net.corda.node.Corda_3.3-corda/kryo-serializers-0.41.jar:/Users/pk/.capsule/apps/net.corda.node.Corda_3.3-corda/kryo-4.0.0.jar:/Users/pk/.capsule/apps/net.corda.node.Corda_3.3-corda/proton-j-0.21.0.jar:/Users/pk/.capsule/apps/net.corda.node.Corda_3.3-corda/fast-classpath-scanner-2.12.3.jar:/Users/pk/.capsule/apps/net.corda.node.Corda_3.3-corda/jsr305-3.0.2.jar:/Users/pk/.capsule/apps/net.corda.node.Corda_3.3-corda/jcabi-log-0.14.jar:/Users/pk/.capsule/apps/net.corda.node.Corda_3.3-corda/copycat-protocol-1.2.3.jar:/Users/pk/.capsule/apps/net.corda.node.Corda_3.3-corda/catalyst-transport-1.1.2.jar:/Users/pk/.capsule/apps/net.corda.node.Corda_3.3-corda/mina-core-2.0.16.jar:/Users/pk/.capsule/apps/net.corda.node.Corda_3.3-corda/shiro-cache-1.4.0.jar:/Users/pk/.capsule/apps/net.corda.node.Corda_3.3-corda/shiro-crypto-hash-1.4.0.jar:/Users/pk/.capsule/apps/net.corda.node.Corda_3.3-corda/shiro-crypto-cipher-1.4.0.jar:/Users/pk/.capsule/apps/net.corda.node.Corda_3.3-corda/shiro-config-core-1.4.0.jar:/Users/pk/.capsule/apps/net.corda.node.Corda_3.3-corda/shiro-event-1.4.0.jar:/Users/pk/.capsule/apps/net.corda.node.Corda_3.3-corda/shiro-crypto-core-1.4.0.jar:/Users/pk/.capsule/apps/net.corda.node.Corda_3.3-corda/shiro-lang-1.4.0.jar:/Users/pk/.capsule/apps/net.corda.node.Corda_3.3-corda/jcl-over-slf4j-1.7.25.jar:/Users/pk/.capsule/apps/net.corda.node.Corda_3.3-corda/catalyst-concurrent-1.1.2.jar:/Users/pk/.capsule/apps/net.corda.node.Corda_3.3-corda/catalyst-serializer-1.1.2.jar:/Users/pk/.capsule/apps/net.corda.node.Corda_3.3-corda/catalyst-buffer-1.1.2.jar:/Users/pk/.capsule/apps/net.corda.node.Corda_3.3-corda/catalyst-common-1.1.2.jar:/Users/pk/.capsule/apps/net.corda.node.Corda_3.3-corda/sshd-pam-0.11.0.jar:/Users/pk/.capsule/apps/net.corda.node.Corda_3.3-corda/sshd-core-1.6.0.jar:/Users/pk/.capsule/apps/net.corda.node.Corda_3.3-corda/slf4j-api-1.7.25.jar:/Users/pk/.capsule/apps/net.corda.node.Corda_3.3-corda/log4j-core-2.9.1.jar:/Users/pk/.capsule/apps/net.corda.node.Corda_3.3-corda/log4j-api-2.9.1.jar:/Users/pk/.capsule/apps/net.corda.node.Corda_3.3-corda/kotlin-stdlib-jre7-1.1.60.jar:/Users/pk/.capsule/apps/net.corda.node.Corda_3.3-corda/kotlin-stdlib-1.1.60.jar:/Users/pk/.capsule/apps/net.corda.node.Corda_3.3-corda/commons-collections-3.2.2.jar:/Users/pk/.capsule/apps/net.corda.node.Corda_3.3-corda/hibernate-commons-annotations-5.0.1.Final.jar:/Users/pk/.capsule/apps/net.corda.node.Corda_3.3-corda/artemis-native-2.2.0.jar:/Users/pk/.capsule/apps/net.corda.node.Corda_3.3-corda/jboss-logging-3.3.0.Final.jar:/Users/pk/.capsule/apps/net.corda.node.Corda_3.3-corda/artemis-selector-2.2.0.jar:/Users/pk/.capsule/apps/net.corda.node.Corda_3.3-corda/jgroups-3.6.13.Final.jar:/Users/pk/.capsule/apps/net.corda.node.Corda_3.3-corda/geronimo-json_1.0_spec-1.0-alpha-1.jar:/Users/pk/.capsule/apps/net.corda.node.Corda_3.3-corda/johnzon-core-0.9.5.jar:/Users/pk/.capsule/apps/net.corda.node.Corda_3.3-corda/forms-1.1-preview.jar:/Users/pk/.capsule/apps/net.corda.node.Corda_3.3-corda/jdom-1.0.jar:/Users/pk/.capsule/apps/net.corda.node.Corda_3.3-corda/jackson-dataformat-yaml-2.9.2.jar:/Users/pk/.capsule/apps/net.corda.node.Corda_3.3-corda/jackson-datatype-jsr310-2.9.2.jar:/Users/pk/.capsule/apps/net.corda.node.Corda_3.3-corda/hibernate-jpa-2.1-api-1.0.0.Final.jar:/Users/pk/.capsule/apps/net.corda.node.Corda_3.3-corda/javassist-3.20.0-GA.jar:/Users/pk/.capsule/apps/net.corda.node.Corda_3.3-corda/antlr-2.7.7.jar:/Users/pk/.capsule/apps/net.corda.node.Corda_3.3-corda/geronimo-jta_1.1_spec-1.1.1.jar:/Users/pk/.capsule/apps/net.corda.node.Corda_3.3-corda/jandex-2.0.3.Final.jar:/Users/pk/.capsule/apps/net.corda.node.Corda_3.3-corda/classmate-1.3.0.jar:/Users/pk/.capsule/apps/net.corda.node.Corda_3.3-corda/dom4j-1.6.1.jar:/Users/pk/.capsule/apps/net.corda.node.Corda_3.3-corda/cdi-api-1.1.jar:/Users/pk/.capsule/apps/net.corda.node.Corda_3.3-corda/crash.cli-cadb53544fbb3c0fb901445da614998a6a419488.jar:/Users/pk/.capsule/apps/net.corda.node.Corda_3.3-corda/groovy-all-1.8.9.jar:/Users/pk/.capsule/apps/net.corda.node.Corda_3.3-corda/okio-1.11.0.jar:/Users/pk/.capsule/apps/net.corda.node.Corda_3.3-corda/jolokia-core-1.6.0.jar:/Users/pk/.capsule/apps/net.corda.node.Corda_3.3-corda/json-simple-1.1.1.jar:/Users/pk/.capsule/apps/net.corda.node.Corda_3.3-corda/rxjava-1.2.4.jar:/Users/pk/.capsule/apps/net.corda.node.Corda_3.3-corda/commons-jexl3-3.0.jar:/Users/pk/.capsule/apps/net.corda.node.Corda_3.3-corda/jackson-databind-2.9.2.jar:/Users/pk/.capsule/apps/net.corda.node.Corda_3.3-corda/eddsa-0.2.0.jar:/Users/pk/.capsule/apps/net.corda.node.Corda_3.3-corda/bcpkix-jdk15on-1.57.jar:/Users/pk/.capsule/apps/net.corda.node.Corda_3.3-corda/bcprov-jdk15on-1.57.jar:/Users/pk/.capsule/apps/net.corda.node.Corda_3.3-corda/commons-io-2.2.jar:/Users/pk/.capsule/apps/net.corda.node.Corda_3.3-corda/reflectasm-1.11.3.jar:/Users/pk/.capsule/apps/net.corda.node.Corda_3.3-corda/minlog-1.3.0.jar:/Users/pk/.capsule/apps/net.corda.node.Corda_3.3-corda/objenesis-2.2.jar:/Users/pk/.capsule/apps/net.corda.node.Corda_3.3-corda/annotations-13.0.jar:/Users/pk/.capsule/apps/net.corda.node.Corda_3.3-corda/jackson-annotations-2.9.0.jar:/Users/pk/.capsule/apps/net.corda.node.Corda_3.3-corda/snakeyaml-1.18.jar:/Users/pk/.capsule/apps/net.corda.node.Corda_3.3-corda/jackson-core-2.9.2.jar:/Users/pk/.capsule/apps/net.corda.node.Corda_3.3-corda/el-api-2.2.jar:/Users/pk/.capsule/apps/net.corda.node.Corda_3.3-corda/jboss-interceptors-api_1.1_spec-1.0.0.Beta1.jar:/Users/pk/.capsule/apps/net.corda.node.Corda_3.3-corda/jsr250-api-1.0.jar:/Users/pk/.capsule/apps/net.corda.node.Corda_3.3-corda/javax.inject-1.jar:/Users/pk/.capsule/apps/net.corda.node.Corda_3.3-corda/jpam-1.1.jar:/Users/pk/.capsule/apps/net.corda.node.Corda_3.3-corda/geronimo-jms_2.0_spec-1.0-alpha-2.jar:/Users/pk/.capsule/apps/net.corda.node.Corda_3.3-corda/asm-5.0.4.jar:/Users/pk/.capsule/apps/net.corda.node.Corda_3.3-corda/corda-node-3.3-corda.jar:/Users/pk/Documents/Studies/idp/project/smart-invoice/build/nodes/PartyA/cordapps/cordapp-contracts-states-0.1.jar:/Users/pk/Documents/Studies/idp/project/smart-invoice/build/nodes/PartyA/cordapps/cordapp-0.1.jar:/Users/pk/Documents/Studies/idp/project/smart-invoice/build/nodes/PartyA/cordapps/smart-invoice-0.1.jar:drivers/jolokia-jvm-1.3.7-agent.jar:/Users/pk/.capsule/apps/net.corda.node.Corda_3.3-corda/quasar-core-0.7.9-jdk8.jar {}
[INFO ] 2019-03-15T09:05:21,135Z [main] internal.Node.logStartupInfo - VM Java HotSpot(TM) 64-Bit Server VM Oracle Corporation 25.191-b12 {}
[INFO ] 2019-03-15T09:05:21,135Z [main] internal.Node.logStartupInfo - Machine: w208-6j-v4.eduroam.dynamic.rbg.tum.de {}
[INFO ] 2019-03-15T09:05:21,135Z [main] internal.Node.logStartupInfo - Working Directory: /Users/pk/Documents/Studies/idp/project/smart-invoice/build/nodes/PartyA {}
[INFO ] 2019-03-15T09:05:21,135Z [main] internal.Node.logStartupInfo - Debug port: dt_socket:5006 {}
[INFO ] 2019-03-15T09:05:21,136Z [main] internal.Node.logStartupInfo - Starting as node on localhost:10005 {}
[INFO ] 2019-03-15T09:05:21,345Z [main] cordapp.CordappLoader.<init> - Loading CorDapps from RestrictedURL(url=file:/Users/pk/Documents/Studies/idp/project/smart-invoice/build/nodes/PartyA/cordapps/cordapp-contracts-states-0.1.jar, rootPackageName=null), RestrictedURL(url=file:/Users/pk/Documents/Studies/idp/project/smart-invoice/build/nodes/PartyA/cordapps/cordapp-0.1.jar, rootPackageName=null), RestrictedURL(url=file:/Users/pk/Documents/Studies/idp/project/smart-invoice/build/nodes/PartyA/cordapps/smart-invoice-0.1.jar, rootPackageName=null) {}
[INFO ] 2019-03-15T09:05:21,510Z [main] cordapp.CordappLoader.scanCordapp - Scanning CorDapp in file:/Users/pk/Documents/Studies/idp/project/smart-invoice/build/nodes/PartyA/cordapps/cordapp-contracts-states-0.1.jar {}
[INFO ] 2019-03-15T09:05:21,630Z [main] cordapp.CordappLoader.scanCordapp - Scanning CorDapp in file:/Users/pk/Documents/Studies/idp/project/smart-invoice/build/nodes/PartyA/cordapps/cordapp-0.1.jar {}
[INFO ] 2019-03-15T09:05:21,672Z [main] cordapp.CordappLoader.scanCordapp - Scanning CorDapp in file:/Users/pk/Documents/Studies/idp/project/smart-invoice/build/nodes/PartyA/cordapps/smart-invoice-0.1.jar {}
[INFO ] 2019-03-15T09:05:21,802Z [main] internal.Node.start - Node starting up ... {}
[WARN ] 2019-03-15T09:05:21,803Z [main] internal.Node.initCertificate - Corda node is running in dev mode. {}
[INFO ] 2019-03-15T09:05:23,516Z [main] internal.NetworkParametersReader.retrieveNetworkParameters - Loaded network parameters: net.corda.core.internal.SignedDataWithCert@f29353f {}
[INFO ] 2019-03-15T09:05:24,393Z [main] BasicInfo.printBasicNodeInfo - Database connection url is              : jdbc:h2:tcp://131.159.208.235:59122/node {}
[INFO ] 2019-03-15T09:05:24,509Z [main] hikari.HikariDataSource.<init> - HikariPool-1 - Started. {}
[INFO ] 2019-03-15T09:05:24,805Z [main] internal.Node.invoke - Connected to H2 database. {}
[INFO ] 2019-03-15T09:05:24,904Z [main] persistence.HibernateConfiguration.<init> - Init HibernateConfiguration for schemas: [CommonSchemaV1(name=net.corda.core.schemas.CommonSchema, version=1), VaultSchemaV1(name=net.corda.node.services.vault.VaultSchema, version=1), NodeInfoSchemaV1(name=net.corda.node.internal.schemas.NodeInfoSchema, version=1), NodeCoreV1(name=net.corda.node.services.schema.NodeSchemaService$NodeCore, version=1)] {}
[INFO ] 2019-03-15T09:05:24,905Z [main] persistence.HibernateConfiguration.makeSessionFactoryForSchemas - Creating session factory for schemas: [CommonSchemaV1(name=net.corda.core.schemas.CommonSchema, version=1), VaultSchemaV1(name=net.corda.node.services.vault.VaultSchema, version=1), NodeInfoSchemaV1(name=net.corda.node.internal.schemas.NodeInfoSchema, version=1), NodeCoreV1(name=net.corda.node.services.schema.NodeSchemaService$NodeCore, version=1)] {}
[INFO ] 2019-03-15T09:05:25,122Z [main] hibernate.Version.logVersion - HHH000412: Hibernate Core {5.2.6.Final} {}
[INFO ] 2019-03-15T09:05:25,125Z [main] cfg.Environment.<clinit> - HHH000206: hibernate.properties not found {}
[INFO ] 2019-03-15T09:05:25,229Z [main] common.Version.<clinit> - HCANN000001: Hibernate Commons Annotations {5.0.1.Final} {}
[INFO ] 2019-03-15T09:05:25,384Z [main] internal.ConnectionProviderInitiator.initiateService - HHH000130: Instantiating explicit connection provider: net.corda.nodeapi.internal.persistence.HibernateConfiguration$NodeDatabaseConnectionProvider {}
[INFO ] 2019-03-15T09:05:25,411Z [main] dialect.Dialect.<init> - HHH000400: Using dialect: org.hibernate.dialect.H2Dialect {}
[INFO ] 2019-03-15T09:05:25,490Z [main] type.BasicTypeRegistry.register - HHH000270: Type registration [materialized_blob] overrides previous : org.hibernate.type.MaterializedBlobType@6009cd34 {}
[INFO ] 2019-03-15T09:05:27,288Z [main] connections.access.getIsolatedConnection - HHH10001501: Connection obtained from JdbcConnectionAccess [org.hibernate.engine.jdbc.env.internal.JdbcEnvironmentInitiator$ConnectionProviderJdbcConnectionAccess@29bd056a] for (non-JTA) DDL execution was not in auto-commit mode; the Connection 'local transaction' will be committed and the Connection will be set into auto-commit mode. {}
[INFO ] 2019-03-15T09:05:27,460Z [main] persistence.HibernateConfiguration.makeSessionFactoryForSchemas - Created session factory for schemas: [CommonSchemaV1(name=net.corda.core.schemas.CommonSchema, version=1), VaultSchemaV1(name=net.corda.node.services.vault.VaultSchema, version=1), NodeInfoSchemaV1(name=net.corda.node.internal.schemas.NodeInfoSchema, version=1), NodeCoreV1(name=net.corda.node.services.schema.NodeSchemaService$NodeCore, version=1)] {}
[INFO ] 2019-03-15T09:05:27,859Z [main] internal.QueryTranslatorFactoryInitiator.initiateService - HHH000397: Using ASTQueryTranslatorFactory {}
[INFO ] 2019-03-15T09:05:28,125Z [main] internal.Node.tryDetectIfNotPublicHost - Detected public IP: 2001:4ca0:2003:1920:a8ee:28f3:5bf8:43ce%en0. This will be used instead of the provided "localhost" as the advertised address. {}
[INFO ] 2019-03-15T09:05:28,159Z [main] internal.Node.updateNodeInfo - Node-info has changed so submitting update. Old node-info was null {}
[INFO ] 2019-03-15T09:05:28,160Z [main] network.PersistentNetworkMapCache.addNode - Adding node with info: NodeInfo(addresses=[[2001:4ca0:2003:1920:a8ee:28f3:5bf8:43ce%en0]:10005], legalIdentitiesAndCerts=[O=PartyA, L=London, C=GB], platformVersion=3, serial=1552640728160) {}
[INFO ] 2019-03-15T09:05:28,206Z [main] network.PersistentNetworkMapCache.addNode - No previous node found {}
[INFO ] 2019-03-15T09:05:28,393Z [main] network.PersistentNetworkMapCache.addNode - Done adding node with info: NodeInfo(addresses=[[2001:4ca0:2003:1920:a8ee:28f3:5bf8:43ce%en0]:10005], legalIdentitiesAndCerts=[O=PartyA, L=London, C=GB], platformVersion=3, serial=1552640728160) {}
[INFO ] 2019-03-15T09:05:28,393Z [main] internal.Node.updateNodeInfo - New node-info: NodeInfo(addresses=[[2001:4ca0:2003:1920:a8ee:28f3:5bf8:43ce%en0]:10005], legalIdentitiesAndCerts=[O=PartyA, L=London, C=GB], platformVersion=3, serial=1552640728160) {}
[INFO ] 2019-03-15T09:05:28,893Z [main] persistence.NodeAttachmentService.invoke - Stored new attachment 9BE1F62D9812F6400E1E673C385948EB62D664C7E023A4670DB5FD556EF015C7 {}
[INFO ] 2019-03-15T09:05:29,029Z [main] security.RPCSecurityManagerImpl.buildImpl - Constructing realm from list of users in config [User(user1, permissions=[ALL])] {}
[INFO ] 2019-03-15T09:05:29,436Z [main] BasicInfo.printBasicNodeInfo - Advertised P2P messaging addresses      : [2001:4ca0:2003:1920:a8ee:28f3:5bf8:43ce%en0]:10005 {}
[INFO ] 2019-03-15T09:05:29,467Z [main] BasicInfo.printBasicNodeInfo - RPC connection address                  : localhost:10006 {}
[INFO ] 2019-03-15T09:05:29,467Z [main] BasicInfo.printBasicNodeInfo - RPC admin connection address            : localhost:10046 {}
[INFO ] 2019-03-15T09:05:30,981Z [main] messaging.ArtemisMessagingServer.configureAndStartServer - P2P messaging server listening on port 10005 {}
[INFO ] 2019-03-15T09:05:31,328Z [main] internal.ArtemisMessagingClient.start - Connecting to message broker: localhost:10005 {}
[INFO ] 2019-03-15T09:05:31,863Z [main] internal.ArtemisMessagingClient.start - Connecting to message broker: localhost:10005 {}
[INFO ] 2019-03-15T09:05:32,010Z [main] internal.ArtemisMessagingClient.start - Connecting to message broker: localhost:10046 {}
[INFO ] 2019-03-15T09:05:32,105Z [main] messaging.P2PMessagingClient.start - Connecting to message broker: localhost:10005 {}
[INFO ] 2019-03-15T09:05:32,172Z [main] messaging.P2PMessagingClient.createQueueIfAbsent - Create fresh queue p2p.inbound.DL21epGB6vtpdtKcfawZXPpKkKVfdAhAVFYJSpxhTGdM2s bound on same address {}
[INFO ] 2019-03-15T09:05:32,268Z [Thread-0 (ActiveMQ-client-global-threads)] bridging.BridgeControlListener.processControlMessage - Received bridge control message NodeToBridgeSnapshot(nodeIdentity=DL21epGB6vtpdtKcfawZXPpKkKVfdAhAVFYJSpxhTGdM2s, inboxQueues=[p2p.inbound.DL21epGB6vtpdtKcfawZXPpKkKVfdAhAVFYJSpxhTGdM2s], sendQueues=[]) {}
[INFO ] 2019-03-15T09:05:32,359Z [main] internal.Node.registerInitiatedFlowInternal - Registered com.template.Initiator to initiate com.template.Responder (version 1) {}
[INFO ] 2019-03-15T09:05:33,028Z [main] plugin.PluginManager.getPlugins - Loaded plugin Plugin[type=SSHPlugin,interface=SSHPlugin] {}
[INFO ] 2019-03-15T09:05:33,029Z [main] plugin.PluginManager.getPlugins - Loaded plugin Plugin[type=SSHInlinePlugin,interface=CommandPlugin] {}
[INFO ] 2019-03-15T09:05:33,032Z [main] plugin.PluginManager.getPlugins - Loaded plugin Plugin[type=KeyAuthenticationPlugin,interface=KeyAuthenticationPlugin] {}
[INFO ] 2019-03-15T09:05:33,033Z [main] plugin.PluginManager.getPlugins - Loaded plugin Plugin[type=CRaSHShellFactory,interface=ShellFactory] {}
[INFO ] 2019-03-15T09:05:33,035Z [main] plugin.PluginManager.getPlugins - Loaded plugin Plugin[type=GroovyLanguageProxy,interface=Language] {}
[INFO ] 2019-03-15T09:05:33,036Z [main] plugin.PluginManager.getPlugins - Loaded plugin Plugin[type=JavaLanguage,interface=Language] {}
[INFO ] 2019-03-15T09:05:33,037Z [main] plugin.PluginManager.getPlugins - Loaded plugin Plugin[type=ScriptLanguage,interface=Language] {}
[INFO ] 2019-03-15T09:05:33,038Z [main] plugin.PluginManager.getPlugins - Loaded plugin Plugin[type=JaasAuthenticationPlugin,interface=AuthenticationPlugin] {}
[INFO ] 2019-03-15T09:05:33,039Z [main] plugin.PluginManager.getPlugins - Loaded plugin Plugin[type=SimpleAuthenticationPlugin,interface=AuthenticationPlugin] {}
[INFO ] 2019-03-15T09:05:33,043Z [main] ssh.SSHPlugin.init - Could not boot SSHD due to missing due to missing port configuration {}
[INFO ] 2019-03-15T09:05:33,044Z [main] plugin.PluginManager.getPlugins - Initialized plugin Plugin[type=SSHPlugin,interface=SSHPlugin] {}
[INFO ] 2019-03-15T09:05:33,044Z [main] plugin.PluginManager.getPlugins - Initialized plugin Plugin[type=SSHInlinePlugin,interface=CommandPlugin] {}
[INFO ] 2019-03-15T09:05:33,044Z [main] plugin.PluginManager.getPlugins - Initialized plugin Plugin[type=KeyAuthenticationPlugin,interface=KeyAuthenticationPlugin] {}
[INFO ] 2019-03-15T09:05:33,066Z [main] plugin.PluginManager.getPlugins - Initialized plugin Plugin[type=GroovyLanguageProxy,interface=Language] {}
[INFO ] 2019-03-15T09:05:33,067Z [main] plugin.PluginManager.getPlugins - Initialized plugin Plugin[type=ScriptLanguage,interface=Language] {}
[INFO ] 2019-03-15T09:05:33,075Z [main] plugin.PluginManager.getPlugins - Initialized plugin Plugin[type=CRaSHShellFactory,interface=ShellFactory] {}
[INFO ] 2019-03-15T09:05:33,076Z [main] plugin.PluginManager.getPlugins - Initialized plugin Plugin[type=JaasAuthenticationPlugin,interface=AuthenticationPlugin] {}
[INFO ] 2019-03-15T09:05:33,076Z [main] plugin.PluginManager.getPlugins - Initialized plugin Plugin[type=SimpleAuthenticationPlugin,interface=AuthenticationPlugin] {}
[INFO ] 2019-03-15T09:05:33,076Z [main] plugin.PluginManager.getPlugins - Initialized plugin Plugin[type=CordaAuthenticationPlugin,interface=AuthenticationPlugin] {}
[WARN ] 2019-03-15T09:05:34,253Z [main] utilities.AppendOnlyPersistentMapBase.set - Double insert in net.corda.node.utilities.AppendOnlyPersistentMap for entity class class net.corda.node.services.identity.PersistentIdentityService$PersistentIdentity key 0F0671BEF273ECD994D5A5BEFAD108FE7AACACDC9D796B4EFF542272A0E53B8C, not inserting the second time {}
[INFO ] 2019-03-15T09:05:34,259Z [main] messaging.P2PMessagingClient.updateBridgesOnNetworkChange - Updating bridges on network map change: NodeInfo(addresses=[[2001:4ca0:2003:1920:a8ee:28f3:5bf8:43ce%en0]:10005], legalIdentitiesAndCerts=[O=PartyA, L=London, C=GB], platformVersion=3, serial=1552640728160) {}
[INFO ] 2019-03-15T09:05:34,382Z [RxIoScheduler-2] network.PersistentNetworkMapCache.addNode - Adding node with info: NodeInfo(addresses=[[2001:4ca0:2003:1920:a8ee:28f3:5bf8:43ce%en0]:10002], legalIdentitiesAndCerts=[O=Notary, L=London, C=GB], platformVersion=3, serial=1552640670478) {}
[INFO ] 2019-03-15T09:05:34,385Z [RxIoScheduler-2] network.PersistentNetworkMapCache.addNode - No previous node found {}
[INFO ] 2019-03-15T09:05:34,411Z [main] BasicInfo.printBasicNodeInfo - Loaded CorDapps                         : cordapp-contracts-states-0.1, cordapp-0.1, smart-invoice-0.1, corda-core-3.3-corda {}
[INFO ] 2019-03-15T09:05:34,415Z [main] BasicInfo.printBasicNodeInfo - Node for "PartyA" started up and registered in 16.27 sec {}
[INFO ] 2019-03-15T09:05:34,416Z [RxIoScheduler-2] messaging.P2PMessagingClient.updateBridgesOnNetworkChange - Updating bridges on network map change: NodeInfo(addresses=[[2001:4ca0:2003:1920:a8ee:28f3:5bf8:43ce%en0]:10002], legalIdentitiesAndCerts=[O=Notary, L=London, C=GB], platformVersion=3, serial=1552640670478) {}
[INFO ] 2019-03-15T09:05:34,423Z [RxIoScheduler-2] network.PersistentNetworkMapCache.addNode - Done adding node with info: NodeInfo(addresses=[[2001:4ca0:2003:1920:a8ee:28f3:5bf8:43ce%en0]:10002], legalIdentitiesAndCerts=[O=Notary, L=London, C=GB], platformVersion=3, serial=1552640670478) {}
[INFO ] 2019-03-15T09:05:34,423Z [RxIoScheduler-2] network.PersistentNetworkMapCache.addNode - Adding node with info: NodeInfo(addresses=[[2001:4ca0:2003:1920:a8ee:28f3:5bf8:43ce%en0]:10005], legalIdentitiesAndCerts=[O=PartyA, L=London, C=GB], platformVersion=3, serial=1552640668531) {}
[INFO ] 2019-03-15T09:05:34,424Z [main] messaging.RPCServer.start - Starting RPC server with configuration RPCServerConfiguration(rpcThreadPoolSize=4, reapInterval=PT1S, deduplicationCacheExpiry=PT24H) {}
[INFO ] 2019-03-15T09:05:34,444Z [RxIoScheduler-2] network.PersistentNetworkMapCache.addNode - Discarding older nodeInfo for O=PartyA, L=London, C=GB {}
[INFO ] 2019-03-15T09:05:34,445Z [RxIoScheduler-2] network.PersistentNetworkMapCache.addNode - Adding node with info: NodeInfo(addresses=[[2001:4ca0:2003:1920:a8ee:28f3:5bf8:43ce%en0]:10008], legalIdentitiesAndCerts=[O=PartyB, L=New York, C=US], platformVersion=3, serial=1552640670473) {}
[INFO ] 2019-03-15T09:05:34,448Z [RxIoScheduler-2] network.PersistentNetworkMapCache.addNode - No previous node found {}
[INFO ] 2019-03-15T09:05:34,477Z [RxIoScheduler-2] messaging.P2PMessagingClient.updateBridgesOnNetworkChange - Updating bridges on network map change: NodeInfo(addresses=[[2001:4ca0:2003:1920:a8ee:28f3:5bf8:43ce%en0]:10008], legalIdentitiesAndCerts=[O=PartyB, L=New York, C=US], platformVersion=3, serial=1552640670473) {}
[INFO ] 2019-03-15T09:05:34,481Z [RxIoScheduler-2] network.PersistentNetworkMapCache.addNode - Done adding node with info: NodeInfo(addresses=[[2001:4ca0:2003:1920:a8ee:28f3:5bf8:43ce%en0]:10008], legalIdentitiesAndCerts=[O=PartyB, L=New York, C=US], platformVersion=3, serial=1552640670473) {}
[INFO ] 2019-03-15T10:04:28,801Z [Thread-1 (ActiveMQ-client-global-threads)] messaging.RPCServer.clientArtemisMessageHandler - SUBMITTING {actor_id=user1, actor_owningIdentity=O=PartyA, L=London, C=GB, actor_store_id=NODE_CONFIG, invocation_id=a44b12de-82ab-4dbc-8b86-2fbd27b4f24d, invocation_timestamp=2019-03-15T10:04:28.797Z, session_id=bdbe9a90-43b7-42fa-b6ae-194062e2ecb0, session_timestamp=2019-03-15T10:04:27.445Z}
[INFO ] 2019-03-15T10:04:28,883Z [Thread-1 (ActiveMQ-client-global-threads)] messaging.RPCServer.clientArtemisMessageHandler - SUBMITTING {actor_id=user1, actor_owningIdentity=O=PartyA, L=London, C=GB, actor_store_id=NODE_CONFIG, invocation_id=59a395ac-5c89-4436-b183-fa0fb33db397, invocation_timestamp=2019-03-15T10:04:28.883Z, session_id=bdbe9a90-43b7-42fa-b6ae-194062e2ecb0, session_timestamp=2019-03-15T10:04:27.445Z}
[WARN ] 2019-03-15T10:04:29,556Z [Thread-1 (ActiveMQ-client-global-threads)] messaging.RPCServer.bindingRemovalArtemisMessageHandler - Detected RPC client disconnect on address rpc.client.user1.5215715177987461733, scheduling for reaping {actor_id=user1, actor_owningIdentity=O=PartyA, L=London, C=GB, actor_store_id=NODE_CONFIG, invocation_id=59a395ac-5c89-4436-b183-fa0fb33db397, invocation_timestamp=2019-03-15T10:04:28.883Z, session_id=bdbe9a90-43b7-42fa-b6ae-194062e2ecb0, session_timestamp=2019-03-15T10:04:27.445Z}
[INFO ] 2019-03-15T10:15:43,787Z [Command line shell terminator] shell.InteractiveShell.invoke - Command shell has exited {}
[INFO ] 2019-03-15T10:15:43,794Z [Command line shell terminator] BasicInfo.printBasicNodeInfo - Shutting down ... {}
[INFO ] 2019-03-15T10:15:43,811Z [main] internal.Node.run - Node exiting successfully {}
