[INFO ] 2019-03-15T09:04:24,251Z [main] manifests.Manifests.info - 111 attributes loaded from 124 stream(s) in 2s, 111 saved, 1959 ignored: ["ActiveMQ-Version", "Agent-Class", "Ant-Version", "Application-Class", "Application-Library-Allowable-Codebase", "Application-Name", "Application-Version", "Archiver-Version", "Automatic-Module-Name", "Bnd-LastModified", "Branch", "Build-Date", "Build-Host", "Build-Id", "Build-Java-Version", "Build-Jdk", "Build-Job", "Build-Number", "Build-Timestamp", "Built-By", "Built-OS", "Built-Status", "Bundle-Activator", "Bundle-Category", "Bundle-ClassPath", "Bundle-Copyright", "Bundle-Description", "Bundle-DocURL", "Bundle-License", "Bundle-ManifestVersion", "Bundle-Name", "Bundle-RequiredExecutionEnvironment", "Bundle-SymbolicName", "Bundle-Vendor", "Bundle-Version", "Caller-Allowable-Codebase", "Can-Redefine-Classes", "Can-Retransform-Classes", "Can-Set-Native-Method-Prefix", "Caplets", "Change", "Codebase", "Corda-Platform-Version", "Corda-Release-Version", "Corda-Revision", "Corda-Vendor", "Created-By", "DynamicImport-Package", "Eclipse-BuddyPolicy", "Eclipse-LazyStart", "Export-Package", "Extension-Name", "Fragment-Host", "Gradle-Version", "Ignore-Package", "Implementation-Build", "Implementation-Build-Date", "Implementation-Title", "Implementation-URL", "Implementation-Url", "Implementation-Vendor", "Implementation-Vendor-Id", "Implementation-Version", "Import-Package", "Include-Resource", "JCabi-Build", "JCabi-Date", "JCabi-Version", "JVM-Args", "Java-Agents", "Java-Vendor", "Java-Version", "Kotlin-Runtime-Component", "Kotlin-Version", "Log4jReleaseKey", "Log4jReleaseManager", "Log4jReleaseVersion", "Main-Class", "Main-class", "Manifest-Version", "Min-Java-Version", "Min-Update-Version", "Module-Email", "Module-Origin", "Module-Owner", "Module-Source", "Multi-Release", "Originally-Created-By", "Os-Arch", "Os-Name", "Os-Version", "Package", "Permissions", "Premain-Class", "Private-Package", "Provide-Capability", "Require-Capability", "SCM-Revision", "SCM-url", "Scm-Connection", "Scm-Revision", "Scm-Url", "Service-Component", "Specification-Title", "Specification-Vendor", "Specification-Version", "System-Properties", "Tool", "Trusted-Library", "X-Compile-Source-JDK", "X-Compile-Target-JDK"] {}
[INFO ] 2019-03-15T09:04:24,448Z [main] BasicInfo.printBasicNodeInfo - Logs can be found in                    : /Users/pk/Documents/Studies/idp/project/smart-invoice/build/nodes/Notary/logs {}
[INFO ] 2019-03-15T09:04:24,570Z [main] config.ConfigHelper.loadConfig - Config:
{
    # reference.conf @ jar:file:/Users/pk/Documents/Studies/idp/project/smart-invoice/build/nodes/Notary/corda.jar!/reference.conf: 20
    "activeMQServer" : {
        # reference.conf @ jar:file:/Users/pk/Documents/Studies/idp/project/smart-invoice/build/nodes/Notary/corda.jar!/reference.conf: 21
        "bridge" : {
            # reference.conf @ jar:file:/Users/pk/Documents/Studies/idp/project/smart-invoice/build/nodes/Notary/corda.jar!/reference.conf: 24
            "maxRetryIntervalMin" : 3,
            # reference.conf @ jar:file:/Users/pk/Documents/Studies/idp/project/smart-invoice/build/nodes/Notary/corda.jar!/reference.conf: 22
            "retryIntervalMs" : 5000,
            # reference.conf @ jar:file:/Users/pk/Documents/Studies/idp/project/smart-invoice/build/nodes/Notary/corda.jar!/reference.conf: 23
            "retryIntervalMultiplier" : 1.5
        }
    },
    # hardcoded value
    "baseDirectory" : "/Users/pk/Documents/Studies/idp/project/smart-invoice/build/nodes/Notary",
    # merge of reference.conf @ jar:file:/Users/pk/Documents/Studies/idp/project/smart-invoice/build/nodes/Notary/corda.jar!/reference.conf: 6,reference.conf @ jar:file:/Users/pk/Documents/Studies/idp/project/smart-invoice/build/nodes/.cache/apps/net.corda.node.Corda_3.3-corda/corda-node-3.3-corda.jar!/reference.conf: 6
    "dataSourceProperties" : {
        # reference.conf @ jar:file:/Users/pk/Documents/Studies/idp/project/smart-invoice/build/nodes/Notary/corda.jar!/reference.conf: 10
        "dataSource.password" : "",
        # merge of reference.conf @ jar:file:/Users/pk/Documents/Studies/idp/project/smart-invoice/build/nodes/Notary/corda.jar!/reference.conf: 8,hardcoded value,reference.conf @ jar:file:/Users/pk/Documents/Studies/idp/project/smart-invoice/build/nodes/Notary/corda.jar!/reference.conf: 8,reference.conf @ jar:file:/Users/pk/Documents/Studies/idp/project/smart-invoice/build/nodes/Notary/corda.jar!/reference.conf: 17
        "dataSource.url" : "jdbc:h2:file:/Users/pk/Documents/Studies/idp/project/smart-invoice/build/nodes/Notary/persistence;DB_CLOSE_ON_EXIT=FALSE;LOCK_TIMEOUT=10000;WRITE_DELAY=100;AUTO_SERVER_PORT=0",
        # reference.conf @ jar:file:/Users/pk/Documents/Studies/idp/project/smart-invoice/build/nodes/Notary/corda.jar!/reference.conf: 9
        "dataSource.user" : "sa",
        # reference.conf @ jar:file:/Users/pk/Documents/Studies/idp/project/smart-invoice/build/nodes/Notary/corda.jar!/reference.conf: 7
        "dataSourceClassName" : "org.h2.jdbcx.JdbcDataSource"
    },
    # reference.conf @ jar:file:/Users/pk/Documents/Studies/idp/project/smart-invoice/build/nodes/Notary/corda.jar!/reference.conf: 12
    "database" : {
        # reference.conf @ jar:file:/Users/pk/Documents/Studies/idp/project/smart-invoice/build/nodes/Notary/corda.jar!/reference.conf: 14
        "exportHibernateJMXStatistics" : "false",
        # reference.conf @ jar:file:/Users/pk/Documents/Studies/idp/project/smart-invoice/build/nodes/Notary/corda.jar!/reference.conf: 13
        "transactionIsolationLevel" : "REPEATABLE_READ"
    },
    # reference.conf @ jar:file:/Users/pk/Documents/Studies/idp/project/smart-invoice/build/nodes/Notary/corda.jar!/reference.conf: 16
    "devMode" : true,
    # reference.conf @ jar:file:/Users/pk/Documents/Studies/idp/project/smart-invoice/build/nodes/Notary/corda.jar!/reference.conf: 2
    "emailAddress" : "admin@company.com",
    # reference.conf @ jar:file:/Users/pk/Documents/Studies/idp/project/smart-invoice/build/nodes/Notary/corda.jar!/reference.conf: 3
    "exportJMXto" : "http",
    # reference.conf @ jar:file:/Users/pk/Documents/Studies/idp/project/smart-invoice/build/nodes/Notary/corda.jar!/reference.conf: 31
    "flowTimeout" : {
        # reference.conf @ jar:file:/Users/pk/Documents/Studies/idp/project/smart-invoice/build/nodes/Notary/corda.jar!/reference.conf: 34
        "backoffBase" : 1.8,
        # reference.conf @ jar:file:/Users/pk/Documents/Studies/idp/project/smart-invoice/build/nodes/Notary/corda.jar!/reference.conf: 33
        "maxRestartCount" : 5,
        # reference.conf @ jar:file:/Users/pk/Documents/Studies/idp/project/smart-invoice/build/nodes/Notary/corda.jar!/reference.conf: 32
        "timeout" : "30 seconds"
    },
    # reference.conf @ jar:file:/Users/pk/Documents/Studies/idp/project/smart-invoice/build/nodes/Notary/corda.jar!/reference.conf: 17
    "h2port" : 0,
    # reference.conf @ jar:file:/Users/pk/Documents/Studies/idp/project/smart-invoice/build/nodes/Notary/corda.jar!/reference.conf: 4
    "keyStorePassword" : "cordacadevpass",
    # /Users/pk/Documents/Studies/idp/project/smart-invoice/build/nodes/Notary/node.conf: 1
    "myLegalName" : "O=Notary,L=London,C=GB",
    # hardcoded value
    "noLocalShell" : false,
    # /Users/pk/Documents/Studies/idp/project/smart-invoice/build/nodes/Notary/node.conf: 2
    "notary" : {
        # /Users/pk/Documents/Studies/idp/project/smart-invoice/build/nodes/Notary/node.conf: 3
        "validating" : false
    },
    # /Users/pk/Documents/Studies/idp/project/smart-invoice/build/nodes/Notary/node.conf: 5
    "p2pAddress" : "localhost:10002",
    # merge of /Users/pk/Documents/Studies/idp/project/smart-invoice/build/nodes/Notary/node.conf: 6,reference.conf @ jar:file:/Users/pk/Documents/Studies/idp/project/smart-invoice/build/nodes/Notary/corda.jar!/reference.conf: 27
    "rpcSettings" : {
        # /Users/pk/Documents/Studies/idp/project/smart-invoice/build/nodes/Notary/node.conf: 7
        "address" : "localhost:10003",
        # /Users/pk/Documents/Studies/idp/project/smart-invoice/build/nodes/Notary/node.conf: 8
        "adminAddress" : "localhost:10043",
        # reference.conf @ jar:file:/Users/pk/Documents/Studies/idp/project/smart-invoice/build/nodes/Notary/corda.jar!/reference.conf: 29
        "standAloneBroker" : false,
        # reference.conf @ jar:file:/Users/pk/Documents/Studies/idp/project/smart-invoice/build/nodes/Notary/corda.jar!/reference.conf: 28
        "useSsl" : false
    },
    # /Users/pk/Documents/Studies/idp/project/smart-invoice/build/nodes/Notary/node.conf: 10
    "rpcUsers" : [],
    # reference.conf @ jar:file:/Users/pk/Documents/Studies/idp/project/smart-invoice/build/nodes/Notary/corda.jar!/reference.conf: 5
    "trustStorePassword" : "trustpass",
    # reference.conf @ jar:file:/Users/pk/Documents/Studies/idp/project/smart-invoice/build/nodes/Notary/corda.jar!/reference.conf: 18
    "useTestClock" : false,
    # reference.conf @ jar:file:/Users/pk/Documents/Studies/idp/project/smart-invoice/build/nodes/Notary/corda.jar!/reference.conf: 19
    "verifierType" : "InMemory"
}
 {}
[INFO ] 2019-03-15T09:04:25,694Z [main] internal.Node.logStartupInfo - Vendor: Corda Open Source {}
[INFO ] 2019-03-15T09:04:25,694Z [main] internal.Node.logStartupInfo - Release: 3.3-corda {}
[INFO ] 2019-03-15T09:04:25,694Z [main] internal.Node.logStartupInfo - Platform Version: 3 {}
[INFO ] 2019-03-15T09:04:25,695Z [main] internal.Node.logStartupInfo - Revision: c834162cd488784a0412bba4c9e638da89912ac2 {}
[INFO ] 2019-03-15T09:04:25,695Z [main] internal.Node.logStartupInfo - PID: 13919 {}
[INFO ] 2019-03-15T09:04:25,695Z [main] internal.Node.logStartupInfo - Main class: /Users/pk/Documents/Studies/idp/project/smart-invoice/build/nodes/.cache/apps/net.corda.node.Corda_3.3-corda/corda-node-3.3-corda.jar {}
[INFO ] 2019-03-15T09:04:25,695Z [main] internal.Node.logStartupInfo - CommandLine Args: -Xmx200m -XX:+UseG1GC -javaagent:/Users/pk/Documents/Studies/idp/project/smart-invoice/build/nodes/.cache/apps/net.corda.node.Corda_3.3-corda/quasar-core-0.7.9-jdk8.jar=x(antlr**;bftsmart**;ch**;co.paralleluniverse**;com.codahale**;com.esotericsoftware**;com.fasterxml**;com.google**;com.ibm**;com.intellij**;com.jcabi**;com.nhaarman**;com.opengamma**;com.typesafe**;com.zaxxer**;de.javakaffee**;groovy**;groovyjarjarantlr**;groovyjarjarasm**;io.atomix**;io.github**;io.netty**;jdk**;joptsimple**;junit**;kotlin**;net.bytebuddy**;net.i2p**;org.apache**;org.assertj**;org.bouncycastle**;org.codehaus**;org.crsh**;org.dom4j**;org.fusesource**;org.h2**;org.hamcrest**;org.hibernate**;org.jboss**;org.jcp**;org.joda**;org.junit**;org.mockito**;org.objectweb**;org.objenesis**;org.slf4j**;org.w3c**;org.xml**;org.yaml**;reflectasm**;rx**;org.jolokia**) -Dvisualvm.display.name=Corda -Djava.library.path=/Users/pk/Library/Java/Extensions:/Library/Java/Extensions:/Network/Library/Java/Extensions:/System/Library/Java/Extensions:/usr/lib/java:/Users/pk/Documents/Studies/idp/project/smart-invoice/build/nodes/.cache/apps/net.corda.node.Corda_3.3-corda -Dcapsule.app=net.corda.node.Corda_3.3-corda -Dcapsule.dir=/Users/pk/Documents/Studies/idp/project/smart-invoice/build/nodes/.cache/apps/net.corda.node.Corda_3.3-corda -Dcapsule.jar=/Users/pk/Documents/Studies/idp/project/smart-invoice/build/nodes/Notary/corda.jar {}
[INFO ] 2019-03-15T09:04:25,696Z [main] internal.Node.logStartupInfo - Application Args: --just-generate-node-info {}
[INFO ] 2019-03-15T09:04:25,696Z [main] internal.Node.logStartupInfo - bootclasspath: /Library/Java/JavaVirtualMachines/jdk1.8.0_191.jdk/Contents/Home/jre/lib/resources.jar:/Library/Java/JavaVirtualMachines/jdk1.8.0_191.jdk/Contents/Home/jre/lib/rt.jar:/Library/Java/JavaVirtualMachines/jdk1.8.0_191.jdk/Contents/Home/jre/lib/sunrsasign.jar:/Library/Java/JavaVirtualMachines/jdk1.8.0_191.jdk/Contents/Home/jre/lib/jsse.jar:/Library/Java/JavaVirtualMachines/jdk1.8.0_191.jdk/Contents/Home/jre/lib/jce.jar:/Library/Java/JavaVirtualMachines/jdk1.8.0_191.jdk/Contents/Home/jre/lib/charsets.jar:/Library/Java/JavaVirtualMachines/jdk1.8.0_191.jdk/Contents/Home/jre/lib/jfr.jar:/Library/Java/JavaVirtualMachines/jdk1.8.0_191.jdk/Contents/Home/jre/classes {}
[INFO ] 2019-03-15T09:04:25,696Z [main] internal.Node.logStartupInfo - classpath: /Users/pk/Documents/Studies/idp/project/smart-invoice/build/nodes/Notary/corda.jar:/Users/pk/Documents/Studies/idp/project/smart-invoice/build/nodes/.cache/apps/net.corda.node.Corda_3.3-corda/corda-rpc-3.3-corda.jar:/Users/pk/Documents/Studies/idp/project/smart-invoice/build/nodes/.cache/apps/net.corda.node.Corda_3.3-corda/corda-node-api-3.3-corda.jar:/Users/pk/Documents/Studies/idp/project/smart-invoice/build/nodes/.cache/apps/net.corda.node.Corda_3.3-corda/corda-confidential-identities-3.3-corda.jar:/Users/pk/Documents/Studies/idp/project/smart-invoice/build/nodes/.cache/apps/net.corda.node.Corda_3.3-corda/cordform-common-3.2.1.jar:/Users/pk/Documents/Studies/idp/project/smart-invoice/build/nodes/.cache/apps/net.corda.node.Corda_3.3-corda/log4j-slf4j-impl-2.9.1.jar:/Users/pk/Documents/Studies/idp/project/smart-invoice/build/nodes/.cache/apps/net.corda.node.Corda_3.3-corda/log4j-web-2.9.1.jar:/Users/pk/Documents/Studies/idp/project/smart-invoice/build/nodes/.cache/apps/net.corda.node.Corda_3.3-corda/jul-to-slf4j-1.7.25.jar:/Users/pk/Documents/Studies/idp/project/smart-invoice/build/nodes/.cache/apps/net.corda.node.Corda_3.3-corda/corda-jackson-3.3-corda.jar:/Users/pk/Documents/Studies/idp/project/smart-invoice/build/nodes/.cache/apps/net.corda.node.Corda_3.3-corda/corda-core-3.3-corda.jar:/Users/pk/Documents/Studies/idp/project/smart-invoice/build/nodes/.cache/apps/net.corda.node.Corda_3.3-corda/kotlin-stdlib-jre8-1.1.60.jar:/Users/pk/Documents/Studies/idp/project/smart-invoice/build/nodes/.cache/apps/net.corda.node.Corda_3.3-corda/jackson-module-kotlin-2.9.2.jar:/Users/pk/Documents/Studies/idp/project/smart-invoice/build/nodes/.cache/apps/net.corda.node.Corda_3.3-corda/kotlin-reflect-1.1.60.jar:/Users/pk/Documents/Studies/idp/project/smart-invoice/build/nodes/.cache/apps/net.corda.node.Corda_3.3-corda/jimfs-1.1.jar:/Users/pk/Documents/Studies/idp/project/smart-invoice/build/nodes/.cache/apps/net.corda.node.Corda_3.3-corda/artemis-amqp-protocol-2.2.0.jar:/Users/pk/Documents/Studies/idp/project/smart-invoice/build/nodes/.cache/apps/net.corda.node.Corda_3.3-corda/artemis-server-2.2.0.jar:/Users/pk/Documents/Studies/idp/project/smart-invoice/build/nodes/.cache/apps/net.corda.node.Corda_3.3-corda/artemis-jdbc-store-2.2.0.jar:/Users/pk/Documents/Studies/idp/project/smart-invoice/build/nodes/.cache/apps/net.corda.node.Corda_3.3-corda/artemis-jms-client-2.2.0.jar:/Users/pk/Documents/Studies/idp/project/smart-invoice/build/nodes/.cache/apps/net.corda.node.Corda_3.3-corda/artemis-core-client-2.2.0.jar:/Users/pk/Documents/Studies/idp/project/smart-invoice/build/nodes/.cache/apps/net.corda.node.Corda_3.3-corda/artemis-journal-2.2.0.jar:/Users/pk/Documents/Studies/idp/project/smart-invoice/build/nodes/.cache/apps/net.corda.node.Corda_3.3-corda/artemis-commons-2.2.0.jar:/Users/pk/Documents/Studies/idp/project/smart-invoice/build/nodes/.cache/apps/net.corda.node.Corda_3.3-corda/guava-21.0.jar:/Users/pk/Documents/Studies/idp/project/smart-invoice/build/nodes/.cache/apps/net.corda.node.Corda_3.3-corda/jopt-simple-5.0.2.jar:/Users/pk/Documents/Studies/idp/project/smart-invoice/build/nodes/.cache/apps/net.corda.node.Corda_3.3-corda/commons-collections4-4.1.jar:/Users/pk/Documents/Studies/idp/project/smart-invoice/build/nodes/.cache/apps/net.corda.node.Corda_3.3-corda/shiro-core-1.4.0.jar:/Users/pk/Documents/Studies/idp/project/smart-invoice/build/nodes/.cache/apps/net.corda.node.Corda_3.3-corda/shiro-config-ogdl-1.4.0.jar:/Users/pk/Documents/Studies/idp/project/smart-invoice/build/nodes/.cache/apps/net.corda.node.Corda_3.3-corda/commons-beanutils-1.9.3.jar:/Users/pk/Documents/Studies/idp/project/smart-invoice/build/nodes/.cache/apps/net.corda.node.Corda_3.3-corda/jansi-1.14.jar:/Users/pk/Documents/Studies/idp/project/smart-invoice/build/nodes/.cache/apps/net.corda.node.Corda_3.3-corda/jcabi-manifests-1.1.jar:/Users/pk/Documents/Studies/idp/project/smart-invoice/build/nodes/.cache/apps/net.corda.node.Corda_3.3-corda/forms_rt-7.0.3.jar:/Users/pk/Documents/Studies/idp/project/smart-invoice/build/nodes/.cache/apps/net.corda.node.Corda_3.3-corda/metrics-core-3.1.2.jar:/Users/pk/Documents/Studies/idp/project/smart-invoice/build/nodes/.cache/apps/net.corda.node.Corda_3.3-corda/config-1.3.1.jar:/Users/pk/Documents/Studies/idp/project/smart-invoice/build/nodes/.cache/apps/net.corda.node.Corda_3.3-corda/h2-1.4.194.jar:/Users/pk/Documents/Studies/idp/project/smart-invoice/build/nodes/.cache/apps/net.corda.node.Corda_3.3-corda/postgresql-42.1.4.jar:/Users/pk/Documents/Studies/idp/project/smart-invoice/build/nodes/.cache/apps/net.corda.node.Corda_3.3-corda/HikariCP-2.5.1.jar:/Users/pk/Documents/Studies/idp/project/smart-invoice/build/nodes/.cache/apps/net.corda.node.Corda_3.3-corda/hibernate-java8-5.2.6.Final.jar:/Users/pk/Documents/Studies/idp/project/smart-invoice/build/nodes/.cache/apps/net.corda.node.Corda_3.3-corda/hibernate-core-5.2.6.Final.jar:/Users/pk/Documents/Studies/idp/project/smart-invoice/build/nodes/.cache/apps/net.corda.node.Corda_3.3-corda/copycat-client-1.2.3.jar:/Users/pk/Documents/Studies/idp/project/smart-invoice/build/nodes/.cache/apps/net.corda.node.Corda_3.3-corda/copycat-server-1.2.3.jar:/Users/pk/Documents/Studies/idp/project/smart-invoice/build/nodes/.cache/apps/net.corda.node.Corda_3.3-corda/catalyst-netty-1.1.2.jar:/Users/pk/Documents/Studies/idp/project/smart-invoice/build/nodes/.cache/apps/net.corda.node.Corda_3.3-corda/netty-all-4.1.9.Final.jar:/Users/pk/Documents/Studies/idp/project/smart-invoice/build/nodes/.cache/apps/net.corda.node.Corda_3.3-corda/crash.connectors.ssh-cadb53544fbb3c0fb901445da614998a6a419488.jar:/Users/pk/Documents/Studies/idp/project/smart-invoice/build/nodes/.cache/apps/net.corda.node.Corda_3.3-corda/crash.shell-cadb53544fbb3c0fb901445da614998a6a419488.jar:/Users/pk/Documents/Studies/idp/project/smart-invoice/build/nodes/.cache/apps/net.corda.node.Corda_3.3-corda/okhttp-3.5.0.jar:/Users/pk/Documents/Studies/idp/project/smart-invoice/build/nodes/.cache/apps/net.corda.node.Corda_3.3-corda/commons-codec-1.10.jar:/Users/pk/Documents/Studies/idp/project/smart-invoice/build/nodes/.cache/apps/net.corda.node.Corda_3.3-corda/library-master-v1.1-beta-g6215ec8-87.jar:/Users/pk/Documents/Studies/idp/project/smart-invoice/build/nodes/.cache/apps/net.corda.node.Corda_3.3-corda/jolokia-jvm-1.6.0-agent.jar:/Users/pk/Documents/Studies/idp/project/smart-invoice/build/nodes/.cache/apps/net.corda.node.Corda_3.3-corda/quasar-core-0.7.9-jdk8.jar:/Users/pk/Documents/Studies/idp/project/smart-invoice/build/nodes/.cache/apps/net.corda.node.Corda_3.3-corda/commons-fileupload-1.3.3.jar:/Users/pk/Documents/Studies/idp/project/smart-invoice/build/nodes/.cache/apps/net.corda.node.Corda_3.3-corda/kryo-serializers-0.41.jar:/Users/pk/Documents/Studies/idp/project/smart-invoice/build/nodes/.cache/apps/net.corda.node.Corda_3.3-corda/kryo-4.0.0.jar:/Users/pk/Documents/Studies/idp/project/smart-invoice/build/nodes/.cache/apps/net.corda.node.Corda_3.3-corda/proton-j-0.21.0.jar:/Users/pk/Documents/Studies/idp/project/smart-invoice/build/nodes/.cache/apps/net.corda.node.Corda_3.3-corda/fast-classpath-scanner-2.12.3.jar:/Users/pk/Documents/Studies/idp/project/smart-invoice/build/nodes/.cache/apps/net.corda.node.Corda_3.3-corda/jsr305-3.0.2.jar:/Users/pk/Documents/Studies/idp/project/smart-invoice/build/nodes/.cache/apps/net.corda.node.Corda_3.3-corda/jcabi-log-0.14.jar:/Users/pk/Documents/Studies/idp/project/smart-invoice/build/nodes/.cache/apps/net.corda.node.Corda_3.3-corda/copycat-protocol-1.2.3.jar:/Users/pk/Documents/Studies/idp/project/smart-invoice/build/nodes/.cache/apps/net.corda.node.Corda_3.3-corda/catalyst-transport-1.1.2.jar:/Users/pk/Documents/Studies/idp/project/smart-invoice/build/nodes/.cache/apps/net.corda.node.Corda_3.3-corda/mina-core-2.0.16.jar:/Users/pk/Documents/Studies/idp/project/smart-invoice/build/nodes/.cache/apps/net.corda.node.Corda_3.3-corda/shiro-cache-1.4.0.jar:/Users/pk/Documents/Studies/idp/project/smart-invoice/build/nodes/.cache/apps/net.corda.node.Corda_3.3-corda/shiro-crypto-hash-1.4.0.jar:/Users/pk/Documents/Studies/idp/project/smart-invoice/build/nodes/.cache/apps/net.corda.node.Corda_3.3-corda/shiro-crypto-cipher-1.4.0.jar:/Users/pk/Documents/Studies/idp/project/smart-invoice/build/nodes/.cache/apps/net.corda.node.Corda_3.3-corda/shiro-config-core-1.4.0.jar:/Users/pk/Documents/Studies/idp/project/smart-invoice/build/nodes/.cache/apps/net.corda.node.Corda_3.3-corda/shiro-event-1.4.0.jar:/Users/pk/Documents/Studies/idp/project/smart-invoice/build/nodes/.cache/apps/net.corda.node.Corda_3.3-corda/shiro-crypto-core-1.4.0.jar:/Users/pk/Documents/Studies/idp/project/smart-invoice/build/nodes/.cache/apps/net.corda.node.Corda_3.3-corda/shiro-lang-1.4.0.jar:/Users/pk/Documents/Studies/idp/project/smart-invoice/build/nodes/.cache/apps/net.corda.node.Corda_3.3-corda/jcl-over-slf4j-1.7.25.jar:/Users/pk/Documents/Studies/idp/project/smart-invoice/build/nodes/.cache/apps/net.corda.node.Corda_3.3-corda/catalyst-concurrent-1.1.2.jar:/Users/pk/Documents/Studies/idp/project/smart-invoice/build/nodes/.cache/apps/net.corda.node.Corda_3.3-corda/catalyst-serializer-1.1.2.jar:/Users/pk/Documents/Studies/idp/project/smart-invoice/build/nodes/.cache/apps/net.corda.node.Corda_3.3-corda/catalyst-buffer-1.1.2.jar:/Users/pk/Documents/Studies/idp/project/smart-invoice/build/nodes/.cache/apps/net.corda.node.Corda_3.3-corda/catalyst-common-1.1.2.jar:/Users/pk/Documents/Studies/idp/project/smart-invoice/build/nodes/.cache/apps/net.corda.node.Corda_3.3-corda/sshd-pam-0.11.0.jar:/Users/pk/Documents/Studies/idp/project/smart-invoice/build/nodes/.cache/apps/net.corda.node.Corda_3.3-corda/sshd-core-1.6.0.jar:/Users/pk/Documents/Studies/idp/project/smart-invoice/build/nodes/.cache/apps/net.corda.node.Corda_3.3-corda/slf4j-api-1.7.25.jar:/Users/pk/Documents/Studies/idp/project/smart-invoice/build/nodes/.cache/apps/net.corda.node.Corda_3.3-corda/log4j-core-2.9.1.jar:/Users/pk/Documents/Studies/idp/project/smart-invoice/build/nodes/.cache/apps/net.corda.node.Corda_3.3-corda/log4j-api-2.9.1.jar:/Users/pk/Documents/Studies/idp/project/smart-invoice/build/nodes/.cache/apps/net.corda.node.Corda_3.3-corda/kotlin-stdlib-jre7-1.1.60.jar:/Users/pk/Documents/Studies/idp/project/smart-invoice/build/nodes/.cache/apps/net.corda.node.Corda_3.3-corda/kotlin-stdlib-1.1.60.jar:/Users/pk/Documents/Studies/idp/project/smart-invoice/build/nodes/.cache/apps/net.corda.node.Corda_3.3-corda/commons-collections-3.2.2.jar:/Users/pk/Documents/Studies/idp/project/smart-invoice/build/nodes/.cache/apps/net.corda.node.Corda_3.3-corda/hibernate-commons-annotations-5.0.1.Final.jar:/Users/pk/Documents/Studies/idp/project/smart-invoice/build/nodes/.cache/apps/net.corda.node.Corda_3.3-corda/artemis-native-2.2.0.jar:/Users/pk/Documents/Studies/idp/project/smart-invoice/build/nodes/.cache/apps/net.corda.node.Corda_3.3-corda/jboss-logging-3.3.0.Final.jar:/Users/pk/Documents/Studies/idp/project/smart-invoice/build/nodes/.cache/apps/net.corda.node.Corda_3.3-corda/artemis-selector-2.2.0.jar:/Users/pk/Documents/Studies/idp/project/smart-invoice/build/nodes/.cache/apps/net.corda.node.Corda_3.3-corda/jgroups-3.6.13.Final.jar:/Users/pk/Documents/Studies/idp/project/smart-invoice/build/nodes/.cache/apps/net.corda.node.Corda_3.3-corda/geronimo-json_1.0_spec-1.0-alpha-1.jar:/Users/pk/Documents/Studies/idp/project/smart-invoice/build/nodes/.cache/apps/net.corda.node.Corda_3.3-corda/johnzon-core-0.9.5.jar:/Users/pk/Documents/Studies/idp/project/smart-invoice/build/nodes/.cache/apps/net.corda.node.Corda_3.3-corda/forms-1.1-preview.jar:/Users/pk/Documents/Studies/idp/project/smart-invoice/build/nodes/.cache/apps/net.corda.node.Corda_3.3-corda/jdom-1.0.jar:/Users/pk/Documents/Studies/idp/project/smart-invoice/build/nodes/.cache/apps/net.corda.node.Corda_3.3-corda/jackson-dataformat-yaml-2.9.2.jar:/Users/pk/Documents/Studies/idp/project/smart-invoice/build/nodes/.cache/apps/net.corda.node.Corda_3.3-corda/jackson-datatype-jsr310-2.9.2.jar:/Users/pk/Documents/Studies/idp/project/smart-invoice/build/nodes/.cache/apps/net.corda.node.Corda_3.3-corda/hibernate-jpa-2.1-api-1.0.0.Final.jar:/Users/pk/Documents/Studies/idp/project/smart-invoice/build/nodes/.cache/apps/net.corda.node.Corda_3.3-corda/javassist-3.20.0-GA.jar:/Users/pk/Documents/Studies/idp/project/smart-invoice/build/nodes/.cache/apps/net.corda.node.Corda_3.3-corda/antlr-2.7.7.jar:/Users/pk/Documents/Studies/idp/project/smart-invoice/build/nodes/.cache/apps/net.corda.node.Corda_3.3-corda/geronimo-jta_1.1_spec-1.1.1.jar:/Users/pk/Documents/Studies/idp/project/smart-invoice/build/nodes/.cache/apps/net.corda.node.Corda_3.3-corda/jandex-2.0.3.Final.jar:/Users/pk/Documents/Studies/idp/project/smart-invoice/build/nodes/.cache/apps/net.corda.node.Corda_3.3-corda/classmate-1.3.0.jar:/Users/pk/Documents/Studies/idp/project/smart-invoice/build/nodes/.cache/apps/net.corda.node.Corda_3.3-corda/dom4j-1.6.1.jar:/Users/pk/Documents/Studies/idp/project/smart-invoice/build/nodes/.cache/apps/net.corda.node.Corda_3.3-corda/cdi-api-1.1.jar:/Users/pk/Documents/Studies/idp/project/smart-invoice/build/nodes/.cache/apps/net.corda.node.Corda_3.3-corda/crash.cli-cadb53544fbb3c0fb901445da614998a6a419488.jar:/Users/pk/Documents/Studies/idp/project/smart-invoice/build/nodes/.cache/apps/net.corda.node.Corda_3.3-corda/groovy-all-1.8.9.jar:/Users/pk/Documents/Studies/idp/project/smart-invoice/build/nodes/.cache/apps/net.corda.node.Corda_3.3-corda/okio-1.11.0.jar:/Users/pk/Documents/Studies/idp/project/smart-invoice/build/nodes/.cache/apps/net.corda.node.Corda_3.3-corda/jolokia-core-1.6.0.jar:/Users/pk/Documents/Studies/idp/project/smart-invoice/build/nodes/.cache/apps/net.corda.node.Corda_3.3-corda/json-simple-1.1.1.jar:/Users/pk/Documents/Studies/idp/project/smart-invoice/build/nodes/.cache/apps/net.corda.node.Corda_3.3-corda/rxjava-1.2.4.jar:/Users/pk/Documents/Studies/idp/project/smart-invoice/build/nodes/.cache/apps/net.corda.node.Corda_3.3-corda/commons-jexl3-3.0.jar:/Users/pk/Documents/Studies/idp/project/smart-invoice/build/nodes/.cache/apps/net.corda.node.Corda_3.3-corda/jackson-databind-2.9.2.jar:/Users/pk/Documents/Studies/idp/project/smart-invoice/build/nodes/.cache/apps/net.corda.node.Corda_3.3-corda/eddsa-0.2.0.jar:/Users/pk/Documents/Studies/idp/project/smart-invoice/build/nodes/.cache/apps/net.corda.node.Corda_3.3-corda/bcpkix-jdk15on-1.57.jar:/Users/pk/Documents/Studies/idp/project/smart-invoice/build/nodes/.cache/apps/net.corda.node.Corda_3.3-corda/bcprov-jdk15on-1.57.jar:/Users/pk/Documents/Studies/idp/project/smart-invoice/build/nodes/.cache/apps/net.corda.node.Corda_3.3-corda/commons-io-2.2.jar:/Users/pk/Documents/Studies/idp/project/smart-invoice/build/nodes/.cache/apps/net.corda.node.Corda_3.3-corda/reflectasm-1.11.3.jar:/Users/pk/Documents/Studies/idp/project/smart-invoice/build/nodes/.cache/apps/net.corda.node.Corda_3.3-corda/minlog-1.3.0.jar:/Users/pk/Documents/Studies/idp/project/smart-invoice/build/nodes/.cache/apps/net.corda.node.Corda_3.3-corda/objenesis-2.2.jar:/Users/pk/Documents/Studies/idp/project/smart-invoice/build/nodes/.cache/apps/net.corda.node.Corda_3.3-corda/annotations-13.0.jar:/Users/pk/Documents/Studies/idp/project/smart-invoice/build/nodes/.cache/apps/net.corda.node.Corda_3.3-corda/jackson-annotations-2.9.0.jar:/Users/pk/Documents/Studies/idp/project/smart-invoice/build/nodes/.cache/apps/net.corda.node.Corda_3.3-corda/snakeyaml-1.18.jar:/Users/pk/Documents/Studies/idp/project/smart-invoice/build/nodes/.cache/apps/net.corda.node.Corda_3.3-corda/jackson-core-2.9.2.jar:/Users/pk/Documents/Studies/idp/project/smart-invoice/build/nodes/.cache/apps/net.corda.node.Corda_3.3-corda/el-api-2.2.jar:/Users/pk/Documents/Studies/idp/project/smart-invoice/build/nodes/.cache/apps/net.corda.node.Corda_3.3-corda/jboss-interceptors-api_1.1_spec-1.0.0.Beta1.jar:/Users/pk/Documents/Studies/idp/project/smart-invoice/build/nodes/.cache/apps/net.corda.node.Corda_3.3-corda/jsr250-api-1.0.jar:/Users/pk/Documents/Studies/idp/project/smart-invoice/build/nodes/.cache/apps/net.corda.node.Corda_3.3-corda/javax.inject-1.jar:/Users/pk/Documents/Studies/idp/project/smart-invoice/build/nodes/.cache/apps/net.corda.node.Corda_3.3-corda/jpam-1.1.jar:/Users/pk/Documents/Studies/idp/project/smart-invoice/build/nodes/.cache/apps/net.corda.node.Corda_3.3-corda/geronimo-jms_2.0_spec-1.0-alpha-2.jar:/Users/pk/Documents/Studies/idp/project/smart-invoice/build/nodes/.cache/apps/net.corda.node.Corda_3.3-corda/asm-5.0.4.jar:/Users/pk/Documents/Studies/idp/project/smart-invoice/build/nodes/.cache/apps/net.corda.node.Corda_3.3-corda/corda-node-3.3-corda.jar:/Users/pk/Documents/Studies/idp/project/smart-invoice/build/nodes/.cache/apps/net.corda.node.Corda_3.3-corda/quasar-core-0.7.9-jdk8.jar {}
[INFO ] 2019-03-15T09:04:25,698Z [main] internal.Node.logStartupInfo - VM Java HotSpot(TM) 64-Bit Server VM Oracle Corporation 25.191-b12 {}
[INFO ] 2019-03-15T09:04:25,699Z [main] internal.Node.logStartupInfo - Machine: w208-6j-v4.eduroam.dynamic.rbg.tum.de {}
[INFO ] 2019-03-15T09:04:25,699Z [main] internal.Node.logStartupInfo - Working Directory: /Users/pk/Documents/Studies/idp/project/smart-invoice/build/nodes/Notary {}
[INFO ] 2019-03-15T09:04:25,699Z [main] internal.Node.logStartupInfo - Starting as node on localhost:10002 {}
[INFO ] 2019-03-15T09:04:25,914Z [main] cordapp.CordappLoader.<init> - No CorDapp paths provided {}
[INFO ] 2019-03-15T09:04:26,156Z [main] internal.Node.generateAndSaveNodeInfo - Generating nodeInfo ... {}
[WARN ] 2019-03-15T09:04:26,157Z [main] internal.Node.initCertificate - Corda node is running in dev mode. {}
[INFO ] 2019-03-15T09:04:27,222Z [main] internal.Node.obtainIdentity - identity-private-key not found in key store /Users/pk/Documents/Studies/idp/project/smart-invoice/build/nodes/Notary/certificates/nodekeystore.jks, generating fresh key! {}
[INFO ] 2019-03-15T09:04:27,672Z [main] BasicInfo.printBasicNodeInfo - Database connection url is              : jdbc:h2:tcp://131.159.208.235:59110/node {}
[INFO ] 2019-03-15T09:04:27,793Z [main] hikari.HikariDataSource.<init> - HikariPool-1 - Started. {}
[INFO ] 2019-03-15T09:04:28,024Z [main] internal.Node.invoke - Connected to H2 database. {}
[INFO ] 2019-03-15T09:04:28,129Z [main] persistence.HibernateConfiguration.<init> - Init HibernateConfiguration for schemas: [CommonSchemaV1(name=net.corda.core.schemas.CommonSchema, version=1), VaultSchemaV1(name=net.corda.node.services.vault.VaultSchema, version=1), NodeInfoSchemaV1(name=net.corda.node.internal.schemas.NodeInfoSchema, version=1), NodeCoreV1(name=net.corda.node.services.schema.NodeSchemaService$NodeCore, version=1)] {}
[INFO ] 2019-03-15T09:04:28,144Z [main] persistence.HibernateConfiguration.makeSessionFactoryForSchemas - Creating session factory for schemas: [CommonSchemaV1(name=net.corda.core.schemas.CommonSchema, version=1), VaultSchemaV1(name=net.corda.node.services.vault.VaultSchema, version=1), NodeInfoSchemaV1(name=net.corda.node.internal.schemas.NodeInfoSchema, version=1), NodeCoreV1(name=net.corda.node.services.schema.NodeSchemaService$NodeCore, version=1)] {}
[INFO ] 2019-03-15T09:04:28,299Z [main] hibernate.Version.logVersion - HHH000412: Hibernate Core {5.2.6.Final} {}
[INFO ] 2019-03-15T09:04:28,301Z [main] cfg.Environment.<clinit> - HHH000206: hibernate.properties not found {}
[INFO ] 2019-03-15T09:04:28,349Z [main] common.Version.<clinit> - HCANN000001: Hibernate Commons Annotations {5.0.1.Final} {}
[INFO ] 2019-03-15T09:04:28,493Z [main] internal.ConnectionProviderInitiator.initiateService - HHH000130: Instantiating explicit connection provider: net.corda.nodeapi.internal.persistence.HibernateConfiguration$NodeDatabaseConnectionProvider {}
[INFO ] 2019-03-15T09:04:28,513Z [main] dialect.Dialect.<init> - HHH000400: Using dialect: org.hibernate.dialect.H2Dialect {}
[INFO ] 2019-03-15T09:04:28,604Z [main] type.BasicTypeRegistry.register - HHH000270: Type registration [materialized_blob] overrides previous : org.hibernate.type.MaterializedBlobType@2921199d {}
[INFO ] 2019-03-15T09:04:29,990Z [main] connections.access.getIsolatedConnection - HHH10001501: Connection obtained from JdbcConnectionAccess [org.hibernate.engine.jdbc.env.internal.JdbcEnvironmentInitiator$ConnectionProviderJdbcConnectionAccess@16bbaab3] for (non-JTA) DDL execution was not in auto-commit mode; the Connection 'local transaction' will be committed and the Connection will be set into auto-commit mode. {}
[INFO ] 2019-03-15T09:04:30,099Z [main] persistence.HibernateConfiguration.makeSessionFactoryForSchemas - Created session factory for schemas: [CommonSchemaV1(name=net.corda.core.schemas.CommonSchema, version=1), VaultSchemaV1(name=net.corda.node.services.vault.VaultSchema, version=1), NodeInfoSchemaV1(name=net.corda.node.internal.schemas.NodeInfoSchema, version=1), NodeCoreV1(name=net.corda.node.services.schema.NodeSchemaService$NodeCore, version=1)] {}
[INFO ] 2019-03-15T09:04:30,317Z [main] internal.QueryTranslatorFactoryInitiator.initiateService - HHH000397: Using ASTQueryTranslatorFactory {}
[INFO ] 2019-03-15T09:04:30,453Z [main] internal.Node.tryDetectIfNotPublicHost - Detected public IP: 2001:4ca0:2003:1920:a8ee:28f3:5bf8:43ce%en0. This will be used instead of the provided "localhost" as the advertised address. {}
[INFO ] 2019-03-15T09:04:30,477Z [main] internal.Node.updateNodeInfo - Node-info has changed so submitting update. Old node-info was null {}
[INFO ] 2019-03-15T09:04:30,478Z [main] network.PersistentNetworkMapCache.addNode - Adding node with info: NodeInfo(addresses=[[2001:4ca0:2003:1920:a8ee:28f3:5bf8:43ce%en0]:10002], legalIdentitiesAndCerts=[O=Notary, L=London, C=GB], platformVersion=3, serial=1552640670478) {}
[INFO ] 2019-03-15T09:04:30,506Z [main] network.PersistentNetworkMapCache.addNode - No previous node found {}
[INFO ] 2019-03-15T09:04:30,967Z [main] network.PersistentNetworkMapCache.addNode - Done adding node with info: NodeInfo(addresses=[[2001:4ca0:2003:1920:a8ee:28f3:5bf8:43ce%en0]:10002], legalIdentitiesAndCerts=[O=Notary, L=London, C=GB], platformVersion=3, serial=1552640670478) {}
[INFO ] 2019-03-15T09:04:30,968Z [main] internal.Node.updateNodeInfo - New node-info: NodeInfo(addresses=[[2001:4ca0:2003:1920:a8ee:28f3:5bf8:43ce%en0]:10002], legalIdentitiesAndCerts=[O=Notary, L=London, C=GB], platformVersion=3, serial=1552640670478) {}
[INFO ] 2019-03-15T09:04:31,222Z [main] internal.Node.run - Node exiting successfully {}
[INFO ] 2019-03-15T09:05:18,313Z [main] internal.Node.logStartupInfo - Vendor: Corda Open Source {}
[INFO ] 2019-03-15T09:05:18,327Z [main] internal.Node.logStartupInfo - Release: 3.3-corda {}
[INFO ] 2019-03-15T09:05:18,327Z [main] internal.Node.logStartupInfo - Platform Version: 3 {}
[INFO ] 2019-03-15T09:05:18,327Z [main] internal.Node.logStartupInfo - Revision: c834162cd488784a0412bba4c9e638da89912ac2 {}
[INFO ] 2019-03-15T09:05:18,327Z [main] internal.Node.logStartupInfo - PID: 13992 {}
[INFO ] 2019-03-15T09:05:18,328Z [main] internal.Node.logStartupInfo - Main class: /Users/pk/.capsule/apps/net.corda.node.Corda_3.3-corda/corda-node-3.3-corda.jar {}
[INFO ] 2019-03-15T09:05:18,328Z [main] internal.Node.logStartupInfo - CommandLine Args: -Xmx200m -XX:+UseG1GC -agentlib:jdwp=transport=dt_socket,server=y,suspend=n,address=5005 -javaagent:drivers/jolokia-jvm-1.3.7-agent.jar=port=7005,logHandlerClass=net.corda.node.JolokiaSlf4Adapter -javaagent:/Users/pk/.capsule/apps/net.corda.node.Corda_3.3-corda/quasar-core-0.7.9-jdk8.jar=x(antlr**;bftsmart**;ch**;co.paralleluniverse**;com.codahale**;com.esotericsoftware**;com.fasterxml**;com.google**;com.ibm**;com.intellij**;com.jcabi**;com.nhaarman**;com.opengamma**;com.typesafe**;com.zaxxer**;de.javakaffee**;groovy**;groovyjarjarantlr**;groovyjarjarasm**;io.atomix**;io.github**;io.netty**;jdk**;joptsimple**;junit**;kotlin**;net.bytebuddy**;net.i2p**;org.apache**;org.assertj**;org.bouncycastle**;org.codehaus**;org.crsh**;org.dom4j**;org.fusesource**;org.h2**;org.hamcrest**;org.hibernate**;org.jboss**;org.jcp**;org.joda**;org.junit**;org.mockito**;org.objectweb**;org.objenesis**;org.slf4j**;org.w3c**;org.xml**;org.yaml**;reflectasm**;rx**;org.jolokia**) -Dvisualvm.display.name=Corda -Djava.library.path=/Users/pk/Library/Java/Extensions:/Library/Java/Extensions:/Network/Library/Java/Extensions:/System/Library/Java/Extensions:/usr/lib/java:/Users/pk/.capsule/apps/net.corda.node.Corda_3.3-corda -Dcapsule.app=net.corda.node.Corda_3.3-corda -Dname=Notary-corda.jar -Dcapsule.dir=/Users/pk/.capsule/apps/net.corda.node.Corda_3.3-corda -Dcapsule.jar=/Users/pk/Documents/Studies/idp/project/smart-invoice/build/nodes/Notary/corda.jar {}
[INFO ] 2019-03-15T09:05:18,328Z [main] internal.Node.logStartupInfo - Application Args:  {}
[INFO ] 2019-03-15T09:05:18,329Z [main] internal.Node.logStartupInfo - bootclasspath: /Library/Java/JavaVirtualMachines/jdk1.8.0_191.jdk/Contents/Home/jre/lib/resources.jar:/Library/Java/JavaVirtualMachines/jdk1.8.0_191.jdk/Contents/Home/jre/lib/rt.jar:/Library/Java/JavaVirtualMachines/jdk1.8.0_191.jdk/Contents/Home/jre/lib/sunrsasign.jar:/Library/Java/JavaVirtualMachines/jdk1.8.0_191.jdk/Contents/Home/jre/lib/jsse.jar:/Library/Java/JavaVirtualMachines/jdk1.8.0_191.jdk/Contents/Home/jre/lib/jce.jar:/Library/Java/JavaVirtualMachines/jdk1.8.0_191.jdk/Contents/Home/jre/lib/charsets.jar:/Library/Java/JavaVirtualMachines/jdk1.8.0_191.jdk/Contents/Home/jre/lib/jfr.jar:/Library/Java/JavaVirtualMachines/jdk1.8.0_191.jdk/Contents/Home/jre/classes {}
[INFO ] 2019-03-15T09:05:18,329Z [main] internal.Node.logStartupInfo - classpath: /Users/pk/Documents/Studies/idp/project/smart-invoice/build/nodes/Notary/corda.jar:/Users/pk/.capsule/apps/net.corda.node.Corda_3.3-corda/corda-rpc-3.3-corda.jar:/Users/pk/.capsule/apps/net.corda.node.Corda_3.3-corda/corda-node-api-3.3-corda.jar:/Users/pk/.capsule/apps/net.corda.node.Corda_3.3-corda/corda-confidential-identities-3.3-corda.jar:/Users/pk/.capsule/apps/net.corda.node.Corda_3.3-corda/cordform-common-3.2.1.jar:/Users/pk/.capsule/apps/net.corda.node.Corda_3.3-corda/log4j-slf4j-impl-2.9.1.jar:/Users/pk/.capsule/apps/net.corda.node.Corda_3.3-corda/log4j-web-2.9.1.jar:/Users/pk/.capsule/apps/net.corda.node.Corda_3.3-corda/jul-to-slf4j-1.7.25.jar:/Users/pk/.capsule/apps/net.corda.node.Corda_3.3-corda/corda-jackson-3.3-corda.jar:/Users/pk/.capsule/apps/net.corda.node.Corda_3.3-corda/corda-core-3.3-corda.jar:/Users/pk/.capsule/apps/net.corda.node.Corda_3.3-corda/kotlin-stdlib-jre8-1.1.60.jar:/Users/pk/.capsule/apps/net.corda.node.Corda_3.3-corda/jackson-module-kotlin-2.9.2.jar:/Users/pk/.capsule/apps/net.corda.node.Corda_3.3-corda/kotlin-reflect-1.1.60.jar:/Users/pk/.capsule/apps/net.corda.node.Corda_3.3-corda/jimfs-1.1.jar:/Users/pk/.capsule/apps/net.corda.node.Corda_3.3-corda/artemis-amqp-protocol-2.2.0.jar:/Users/pk/.capsule/apps/net.corda.node.Corda_3.3-corda/artemis-server-2.2.0.jar:/Users/pk/.capsule/apps/net.corda.node.Corda_3.3-corda/artemis-jdbc-store-2.2.0.jar:/Users/pk/.capsule/apps/net.corda.node.Corda_3.3-corda/artemis-jms-client-2.2.0.jar:/Users/pk/.capsule/apps/net.corda.node.Corda_3.3-corda/artemis-core-client-2.2.0.jar:/Users/pk/.capsule/apps/net.corda.node.Corda_3.3-corda/artemis-journal-2.2.0.jar:/Users/pk/.capsule/apps/net.corda.node.Corda_3.3-corda/artemis-commons-2.2.0.jar:/Users/pk/.capsule/apps/net.corda.node.Corda_3.3-corda/guava-21.0.jar:/Users/pk/.capsule/apps/net.corda.node.Corda_3.3-corda/jopt-simple-5.0.2.jar:/Users/pk/.capsule/apps/net.corda.node.Corda_3.3-corda/commons-collections4-4.1.jar:/Users/pk/.capsule/apps/net.corda.node.Corda_3.3-corda/shiro-core-1.4.0.jar:/Users/pk/.capsule/apps/net.corda.node.Corda_3.3-corda/shiro-config-ogdl-1.4.0.jar:/Users/pk/.capsule/apps/net.corda.node.Corda_3.3-corda/commons-beanutils-1.9.3.jar:/Users/pk/.capsule/apps/net.corda.node.Corda_3.3-corda/jansi-1.14.jar:/Users/pk/.capsule/apps/net.corda.node.Corda_3.3-corda/jcabi-manifests-1.1.jar:/Users/pk/.capsule/apps/net.corda.node.Corda_3.3-corda/forms_rt-7.0.3.jar:/Users/pk/.capsule/apps/net.corda.node.Corda_3.3-corda/metrics-core-3.1.2.jar:/Users/pk/.capsule/apps/net.corda.node.Corda_3.3-corda/config-1.3.1.jar:/Users/pk/.capsule/apps/net.corda.node.Corda_3.3-corda/h2-1.4.194.jar:/Users/pk/.capsule/apps/net.corda.node.Corda_3.3-corda/postgresql-42.1.4.jar:/Users/pk/.capsule/apps/net.corda.node.Corda_3.3-corda/HikariCP-2.5.1.jar:/Users/pk/.capsule/apps/net.corda.node.Corda_3.3-corda/hibernate-java8-5.2.6.Final.jar:/Users/pk/.capsule/apps/net.corda.node.Corda_3.3-corda/hibernate-core-5.2.6.Final.jar:/Users/pk/.capsule/apps/net.corda.node.Corda_3.3-corda/copycat-client-1.2.3.jar:/Users/pk/.capsule/apps/net.corda.node.Corda_3.3-corda/copycat-server-1.2.3.jar:/Users/pk/.capsule/apps/net.corda.node.Corda_3.3-corda/catalyst-netty-1.1.2.jar:/Users/pk/.capsule/apps/net.corda.node.Corda_3.3-corda/netty-all-4.1.9.Final.jar:/Users/pk/.capsule/apps/net.corda.node.Corda_3.3-corda/crash.connectors.ssh-cadb53544fbb3c0fb901445da614998a6a419488.jar:/Users/pk/.capsule/apps/net.corda.node.Corda_3.3-corda/crash.shell-cadb53544fbb3c0fb901445da614998a6a419488.jar:/Users/pk/.capsule/apps/net.corda.node.Corda_3.3-corda/okhttp-3.5.0.jar:/Users/pk/.capsule/apps/net.corda.node.Corda_3.3-corda/commons-codec-1.10.jar:/Users/pk/.capsule/apps/net.corda.node.Corda_3.3-corda/library-master-v1.1-beta-g6215ec8-87.jar:/Users/pk/.capsule/apps/net.corda.node.Corda_3.3-corda/jolokia-jvm-1.6.0-agent.jar:/Users/pk/.capsule/apps/net.corda.node.Corda_3.3-corda/quasar-core-0.7.9-jdk8.jar:/Users/pk/.capsule/apps/net.corda.node.Corda_3.3-corda/commons-fileupload-1.3.3.jar:/Users/pk/.capsule/apps/net.corda.node.Corda_3.3-corda/kryo-serializers-0.41.jar:/Users/pk/.capsule/apps/net.corda.node.Corda_3.3-corda/kryo-4.0.0.jar:/Users/pk/.capsule/apps/net.corda.node.Corda_3.3-corda/proton-j-0.21.0.jar:/Users/pk/.capsule/apps/net.corda.node.Corda_3.3-corda/fast-classpath-scanner-2.12.3.jar:/Users/pk/.capsule/apps/net.corda.node.Corda_3.3-corda/jsr305-3.0.2.jar:/Users/pk/.capsule/apps/net.corda.node.Corda_3.3-corda/jcabi-log-0.14.jar:/Users/pk/.capsule/apps/net.corda.node.Corda_3.3-corda/copycat-protocol-1.2.3.jar:/Users/pk/.capsule/apps/net.corda.node.Corda_3.3-corda/catalyst-transport-1.1.2.jar:/Users/pk/.capsule/apps/net.corda.node.Corda_3.3-corda/mina-core-2.0.16.jar:/Users/pk/.capsule/apps/net.corda.node.Corda_3.3-corda/shiro-cache-1.4.0.jar:/Users/pk/.capsule/apps/net.corda.node.Corda_3.3-corda/shiro-crypto-hash-1.4.0.jar:/Users/pk/.capsule/apps/net.corda.node.Corda_3.3-corda/shiro-crypto-cipher-1.4.0.jar:/Users/pk/.capsule/apps/net.corda.node.Corda_3.3-corda/shiro-config-core-1.4.0.jar:/Users/pk/.capsule/apps/net.corda.node.Corda_3.3-corda/shiro-event-1.4.0.jar:/Users/pk/.capsule/apps/net.corda.node.Corda_3.3-corda/shiro-crypto-core-1.4.0.jar:/Users/pk/.capsule/apps/net.corda.node.Corda_3.3-corda/shiro-lang-1.4.0.jar:/Users/pk/.capsule/apps/net.corda.node.Corda_3.3-corda/jcl-over-slf4j-1.7.25.jar:/Users/pk/.capsule/apps/net.corda.node.Corda_3.3-corda/catalyst-concurrent-1.1.2.jar:/Users/pk/.capsule/apps/net.corda.node.Corda_3.3-corda/catalyst-serializer-1.1.2.jar:/Users/pk/.capsule/apps/net.corda.node.Corda_3.3-corda/catalyst-buffer-1.1.2.jar:/Users/pk/.capsule/apps/net.corda.node.Corda_3.3-corda/catalyst-common-1.1.2.jar:/Users/pk/.capsule/apps/net.corda.node.Corda_3.3-corda/sshd-pam-0.11.0.jar:/Users/pk/.capsule/apps/net.corda.node.Corda_3.3-corda/sshd-core-1.6.0.jar:/Users/pk/.capsule/apps/net.corda.node.Corda_3.3-corda/slf4j-api-1.7.25.jar:/Users/pk/.capsule/apps/net.corda.node.Corda_3.3-corda/log4j-core-2.9.1.jar:/Users/pk/.capsule/apps/net.corda.node.Corda_3.3-corda/log4j-api-2.9.1.jar:/Users/pk/.capsule/apps/net.corda.node.Corda_3.3-corda/kotlin-stdlib-jre7-1.1.60.jar:/Users/pk/.capsule/apps/net.corda.node.Corda_3.3-corda/kotlin-stdlib-1.1.60.jar:/Users/pk/.capsule/apps/net.corda.node.Corda_3.3-corda/commons-collections-3.2.2.jar:/Users/pk/.capsule/apps/net.corda.node.Corda_3.3-corda/hibernate-commons-annotations-5.0.1.Final.jar:/Users/pk/.capsule/apps/net.corda.node.Corda_3.3-corda/artemis-native-2.2.0.jar:/Users/pk/.capsule/apps/net.corda.node.Corda_3.3-corda/jboss-logging-3.3.0.Final.jar:/Users/pk/.capsule/apps/net.corda.node.Corda_3.3-corda/artemis-selector-2.2.0.jar:/Users/pk/.capsule/apps/net.corda.node.Corda_3.3-corda/jgroups-3.6.13.Final.jar:/Users/pk/.capsule/apps/net.corda.node.Corda_3.3-corda/geronimo-json_1.0_spec-1.0-alpha-1.jar:/Users/pk/.capsule/apps/net.corda.node.Corda_3.3-corda/johnzon-core-0.9.5.jar:/Users/pk/.capsule/apps/net.corda.node.Corda_3.3-corda/forms-1.1-preview.jar:/Users/pk/.capsule/apps/net.corda.node.Corda_3.3-corda/jdom-1.0.jar:/Users/pk/.capsule/apps/net.corda.node.Corda_3.3-corda/jackson-dataformat-yaml-2.9.2.jar:/Users/pk/.capsule/apps/net.corda.node.Corda_3.3-corda/jackson-datatype-jsr310-2.9.2.jar:/Users/pk/.capsule/apps/net.corda.node.Corda_3.3-corda/hibernate-jpa-2.1-api-1.0.0.Final.jar:/Users/pk/.capsule/apps/net.corda.node.Corda_3.3-corda/javassist-3.20.0-GA.jar:/Users/pk/.capsule/apps/net.corda.node.Corda_3.3-corda/antlr-2.7.7.jar:/Users/pk/.capsule/apps/net.corda.node.Corda_3.3-corda/geronimo-jta_1.1_spec-1.1.1.jar:/Users/pk/.capsule/apps/net.corda.node.Corda_3.3-corda/jandex-2.0.3.Final.jar:/Users/pk/.capsule/apps/net.corda.node.Corda_3.3-corda/classmate-1.3.0.jar:/Users/pk/.capsule/apps/net.corda.node.Corda_3.3-corda/dom4j-1.6.1.jar:/Users/pk/.capsule/apps/net.corda.node.Corda_3.3-corda/cdi-api-1.1.jar:/Users/pk/.capsule/apps/net.corda.node.Corda_3.3-corda/crash.cli-cadb53544fbb3c0fb901445da614998a6a419488.jar:/Users/pk/.capsule/apps/net.corda.node.Corda_3.3-corda/groovy-all-1.8.9.jar:/Users/pk/.capsule/apps/net.corda.node.Corda_3.3-corda/okio-1.11.0.jar:/Users/pk/.capsule/apps/net.corda.node.Corda_3.3-corda/jolokia-core-1.6.0.jar:/Users/pk/.capsule/apps/net.corda.node.Corda_3.3-corda/json-simple-1.1.1.jar:/Users/pk/.capsule/apps/net.corda.node.Corda_3.3-corda/rxjava-1.2.4.jar:/Users/pk/.capsule/apps/net.corda.node.Corda_3.3-corda/commons-jexl3-3.0.jar:/Users/pk/.capsule/apps/net.corda.node.Corda_3.3-corda/jackson-databind-2.9.2.jar:/Users/pk/.capsule/apps/net.corda.node.Corda_3.3-corda/eddsa-0.2.0.jar:/Users/pk/.capsule/apps/net.corda.node.Corda_3.3-corda/bcpkix-jdk15on-1.57.jar:/Users/pk/.capsule/apps/net.corda.node.Corda_3.3-corda/bcprov-jdk15on-1.57.jar:/Users/pk/.capsule/apps/net.corda.node.Corda_3.3-corda/commons-io-2.2.jar:/Users/pk/.capsule/apps/net.corda.node.Corda_3.3-corda/reflectasm-1.11.3.jar:/Users/pk/.capsule/apps/net.corda.node.Corda_3.3-corda/minlog-1.3.0.jar:/Users/pk/.capsule/apps/net.corda.node.Corda_3.3-corda/objenesis-2.2.jar:/Users/pk/.capsule/apps/net.corda.node.Corda_3.3-corda/annotations-13.0.jar:/Users/pk/.capsule/apps/net.corda.node.Corda_3.3-corda/jackson-annotations-2.9.0.jar:/Users/pk/.capsule/apps/net.corda.node.Corda_3.3-corda/snakeyaml-1.18.jar:/Users/pk/.capsule/apps/net.corda.node.Corda_3.3-corda/jackson-core-2.9.2.jar:/Users/pk/.capsule/apps/net.corda.node.Corda_3.3-corda/el-api-2.2.jar:/Users/pk/.capsule/apps/net.corda.node.Corda_3.3-corda/jboss-interceptors-api_1.1_spec-1.0.0.Beta1.jar:/Users/pk/.capsule/apps/net.corda.node.Corda_3.3-corda/jsr250-api-1.0.jar:/Users/pk/.capsule/apps/net.corda.node.Corda_3.3-corda/javax.inject-1.jar:/Users/pk/.capsule/apps/net.corda.node.Corda_3.3-corda/jpam-1.1.jar:/Users/pk/.capsule/apps/net.corda.node.Corda_3.3-corda/geronimo-jms_2.0_spec-1.0-alpha-2.jar:/Users/pk/.capsule/apps/net.corda.node.Corda_3.3-corda/asm-5.0.4.jar:/Users/pk/.capsule/apps/net.corda.node.Corda_3.3-corda/corda-node-3.3-corda.jar:/Users/pk/Documents/Studies/idp/project/smart-invoice/build/nodes/Notary/cordapps/cordapp-contracts-states-0.1.jar:/Users/pk/Documents/Studies/idp/project/smart-invoice/build/nodes/Notary/cordapps/cordapp-0.1.jar:/Users/pk/Documents/Studies/idp/project/smart-invoice/build/nodes/Notary/cordapps/smart-invoice-0.1.jar:drivers/jolokia-jvm-1.3.7-agent.jar:/Users/pk/.capsule/apps/net.corda.node.Corda_3.3-corda/quasar-core-0.7.9-jdk8.jar {}
[INFO ] 2019-03-15T09:05:18,330Z [main] internal.Node.logStartupInfo - VM Java HotSpot(TM) 64-Bit Server VM Oracle Corporation 25.191-b12 {}
[INFO ] 2019-03-15T09:05:18,330Z [main] internal.Node.logStartupInfo - Machine: w208-6j-v4.eduroam.dynamic.rbg.tum.de {}
[INFO ] 2019-03-15T09:05:18,331Z [main] internal.Node.logStartupInfo - Working Directory: /Users/pk/Documents/Studies/idp/project/smart-invoice/build/nodes/Notary {}
[INFO ] 2019-03-15T09:05:18,331Z [main] internal.Node.logStartupInfo - Debug port: dt_socket:5005 {}
[INFO ] 2019-03-15T09:05:18,331Z [main] internal.Node.logStartupInfo - Starting as node on localhost:10002 {}
[INFO ] 2019-03-15T09:05:18,580Z [main] cordapp.CordappLoader.<init> - Loading CorDapps from RestrictedURL(url=file:/Users/pk/Documents/Studies/idp/project/smart-invoice/build/nodes/Notary/cordapps/cordapp-contracts-states-0.1.jar, rootPackageName=null), RestrictedURL(url=file:/Users/pk/Documents/Studies/idp/project/smart-invoice/build/nodes/Notary/cordapps/cordapp-0.1.jar, rootPackageName=null), RestrictedURL(url=file:/Users/pk/Documents/Studies/idp/project/smart-invoice/build/nodes/Notary/cordapps/smart-invoice-0.1.jar, rootPackageName=null) {}
[INFO ] 2019-03-15T09:05:18,745Z [main] cordapp.CordappLoader.scanCordapp - Scanning CorDapp in file:/Users/pk/Documents/Studies/idp/project/smart-invoice/build/nodes/Notary/cordapps/cordapp-contracts-states-0.1.jar {}
[INFO ] 2019-03-15T09:05:18,867Z [main] cordapp.CordappLoader.scanCordapp - Scanning CorDapp in file:/Users/pk/Documents/Studies/idp/project/smart-invoice/build/nodes/Notary/cordapps/cordapp-0.1.jar {}
[INFO ] 2019-03-15T09:05:18,917Z [main] cordapp.CordappLoader.scanCordapp - Scanning CorDapp in file:/Users/pk/Documents/Studies/idp/project/smart-invoice/build/nodes/Notary/cordapps/smart-invoice-0.1.jar {}
[INFO ] 2019-03-15T09:05:19,080Z [main] internal.Node.start - Node starting up ... {}
[WARN ] 2019-03-15T09:05:19,080Z [main] internal.Node.initCertificate - Corda node is running in dev mode. {}
[INFO ] 2019-03-15T09:05:20,978Z [main] internal.NetworkParametersReader.retrieveNetworkParameters - Loaded network parameters: net.corda.core.internal.SignedDataWithCert@682abca7 {}
[INFO ] 2019-03-15T09:05:21,665Z [main] BasicInfo.printBasicNodeInfo - Database connection url is              : jdbc:h2:tcp://131.159.208.235:59119/node {}
[INFO ] 2019-03-15T09:05:21,783Z [main] hikari.HikariDataSource.<init> - HikariPool-1 - Started. {}
[INFO ] 2019-03-15T09:05:22,047Z [main] internal.Node.invoke - Connected to H2 database. {}
[INFO ] 2019-03-15T09:05:22,125Z [main] persistence.HibernateConfiguration.<init> - Init HibernateConfiguration for schemas: [CommonSchemaV1(name=net.corda.core.schemas.CommonSchema, version=1), VaultSchemaV1(name=net.corda.node.services.vault.VaultSchema, version=1), NodeInfoSchemaV1(name=net.corda.node.internal.schemas.NodeInfoSchema, version=1), NodeCoreV1(name=net.corda.node.services.schema.NodeSchemaService$NodeCore, version=1), NodeNotaryV1(name=net.corda.node.services.schema.NodeSchemaService$NodeNotary, version=1)] {}
[INFO ] 2019-03-15T09:05:22,132Z [main] persistence.HibernateConfiguration.makeSessionFactoryForSchemas - Creating session factory for schemas: [CommonSchemaV1(name=net.corda.core.schemas.CommonSchema, version=1), VaultSchemaV1(name=net.corda.node.services.vault.VaultSchema, version=1), NodeInfoSchemaV1(name=net.corda.node.internal.schemas.NodeInfoSchema, version=1), NodeCoreV1(name=net.corda.node.services.schema.NodeSchemaService$NodeCore, version=1), NodeNotaryV1(name=net.corda.node.services.schema.NodeSchemaService$NodeNotary, version=1)] {}
[INFO ] 2019-03-15T09:05:22,352Z [main] hibernate.Version.logVersion - HHH000412: Hibernate Core {5.2.6.Final} {}
[INFO ] 2019-03-15T09:05:22,358Z [main] cfg.Environment.<clinit> - HHH000206: hibernate.properties not found {}
[INFO ] 2019-03-15T09:05:22,449Z [main] common.Version.<clinit> - HCANN000001: Hibernate Commons Annotations {5.0.1.Final} {}
[INFO ] 2019-03-15T09:05:22,619Z [main] internal.ConnectionProviderInitiator.initiateService - HHH000130: Instantiating explicit connection provider: net.corda.nodeapi.internal.persistence.HibernateConfiguration$NodeDatabaseConnectionProvider {}
[INFO ] 2019-03-15T09:05:22,641Z [main] dialect.Dialect.<init> - HHH000400: Using dialect: org.hibernate.dialect.H2Dialect {}
[INFO ] 2019-03-15T09:05:22,730Z [main] type.BasicTypeRegistry.register - HHH000270: Type registration [materialized_blob] overrides previous : org.hibernate.type.MaterializedBlobType@27df5806 {}
[INFO ] 2019-03-15T09:05:24,800Z [main] connections.access.getIsolatedConnection - HHH10001501: Connection obtained from JdbcConnectionAccess [org.hibernate.engine.jdbc.env.internal.JdbcEnvironmentInitiator$ConnectionProviderJdbcConnectionAccess@54bc3bcf] for (non-JTA) DDL execution was not in auto-commit mode; the Connection 'local transaction' will be committed and the Connection will be set into auto-commit mode. {}
[INFO ] 2019-03-15T09:05:24,960Z [main] persistence.HibernateConfiguration.makeSessionFactoryForSchemas - Created session factory for schemas: [CommonSchemaV1(name=net.corda.core.schemas.CommonSchema, version=1), VaultSchemaV1(name=net.corda.node.services.vault.VaultSchema, version=1), NodeInfoSchemaV1(name=net.corda.node.internal.schemas.NodeInfoSchema, version=1), NodeCoreV1(name=net.corda.node.services.schema.NodeSchemaService$NodeCore, version=1), NodeNotaryV1(name=net.corda.node.services.schema.NodeSchemaService$NodeNotary, version=1)] {}
[INFO ] 2019-03-15T09:05:25,318Z [main] internal.QueryTranslatorFactoryInitiator.initiateService - HHH000397: Using ASTQueryTranslatorFactory {}
[INFO ] 2019-03-15T09:05:25,808Z [main] internal.Node.tryDetectIfNotPublicHost - Detected public IP: 2001:4ca0:2003:1920:a8ee:28f3:5bf8:43ce%en0. This will be used instead of the provided "localhost" as the advertised address. {}
[INFO ] 2019-03-15T09:05:26,301Z [main] persistence.NodeAttachmentService.invoke - Stored new attachment 9BE1F62D9812F6400E1E673C385948EB62D664C7E023A4670DB5FD556EF015C7 {}
[INFO ] 2019-03-15T09:05:26,474Z [main] security.RPCSecurityManagerImpl.buildImpl - Constructing realm from list of users in config [] {}
[INFO ] 2019-03-15T09:05:26,876Z [main] BasicInfo.printBasicNodeInfo - Advertised P2P messaging addresses      : [2001:4ca0:2003:1920:a8ee:28f3:5bf8:43ce%en0]:10002 {}
[INFO ] 2019-03-15T09:05:26,887Z [main] BasicInfo.printBasicNodeInfo - RPC connection address                  : localhost:10003 {}
[INFO ] 2019-03-15T09:05:26,887Z [main] BasicInfo.printBasicNodeInfo - RPC admin connection address            : localhost:10043 {}
[INFO ] 2019-03-15T09:05:27,108Z [main] internal.Node.makeNotaryService - Running core notary: net.corda.node.services.transactions.SimpleNotaryService {}
[INFO ] 2019-03-15T09:05:28,495Z [main] messaging.ArtemisMessagingServer.configureAndStartServer - P2P messaging server listening on port 10002 {}
[INFO ] 2019-03-15T09:05:28,953Z [main] internal.ArtemisMessagingClient.start - Connecting to message broker: localhost:10002 {}
[INFO ] 2019-03-15T09:05:29,423Z [main] internal.ArtemisMessagingClient.start - Connecting to message broker: localhost:10002 {}
[INFO ] 2019-03-15T09:05:29,536Z [main] internal.ArtemisMessagingClient.start - Connecting to message broker: localhost:10043 {}
[INFO ] 2019-03-15T09:05:29,620Z [main] messaging.P2PMessagingClient.start - Connecting to message broker: localhost:10002 {}
[INFO ] 2019-03-15T09:05:29,673Z [main] messaging.P2PMessagingClient.createQueueIfAbsent - Create fresh queue p2p.inbound.DLCKeTdnmNmxneHzKAcJzwSi7ixQhQB8iz3nmxpmo5j26L bound on same address {}
[INFO ] 2019-03-15T09:05:29,757Z [Thread-0 (ActiveMQ-client-global-threads)] bridging.BridgeControlListener.processControlMessage - Received bridge control message NodeToBridgeSnapshot(nodeIdentity=DLCKeTdnmNmxneHzKAcJzwSi7ixQhQB8iz3nmxpmo5j26L, inboxQueues=[p2p.inbound.DLCKeTdnmNmxneHzKAcJzwSi7ixQhQB8iz3nmxpmo5j26L], sendQueues=[]) {}
[INFO ] 2019-03-15T09:05:29,785Z [main] internal.Node.registerInitiatedFlowInternal - Registered com.template.Initiator to initiate com.template.Responder (version 1) {}
[INFO ] 2019-03-15T09:05:30,536Z [main] plugin.PluginManager.getPlugins - Loaded plugin Plugin[type=SSHPlugin,interface=SSHPlugin] {}
[INFO ] 2019-03-15T09:05:30,538Z [main] plugin.PluginManager.getPlugins - Loaded plugin Plugin[type=SSHInlinePlugin,interface=CommandPlugin] {}
[INFO ] 2019-03-15T09:05:30,540Z [main] plugin.PluginManager.getPlugins - Loaded plugin Plugin[type=KeyAuthenticationPlugin,interface=KeyAuthenticationPlugin] {}
[INFO ] 2019-03-15T09:05:30,541Z [main] plugin.PluginManager.getPlugins - Loaded plugin Plugin[type=CRaSHShellFactory,interface=ShellFactory] {}
[INFO ] 2019-03-15T09:05:30,543Z [main] plugin.PluginManager.getPlugins - Loaded plugin Plugin[type=GroovyLanguageProxy,interface=Language] {}
[INFO ] 2019-03-15T09:05:30,544Z [main] plugin.PluginManager.getPlugins - Loaded plugin Plugin[type=JavaLanguage,interface=Language] {}
[INFO ] 2019-03-15T09:05:30,545Z [main] plugin.PluginManager.getPlugins - Loaded plugin Plugin[type=ScriptLanguage,interface=Language] {}
[INFO ] 2019-03-15T09:05:30,552Z [main] plugin.PluginManager.getPlugins - Loaded plugin Plugin[type=JaasAuthenticationPlugin,interface=AuthenticationPlugin] {}
[INFO ] 2019-03-15T09:05:30,553Z [main] plugin.PluginManager.getPlugins - Loaded plugin Plugin[type=SimpleAuthenticationPlugin,interface=AuthenticationPlugin] {}
[INFO ] 2019-03-15T09:05:30,557Z [main] ssh.SSHPlugin.init - Could not boot SSHD due to missing due to missing port configuration {}
[INFO ] 2019-03-15T09:05:30,558Z [main] plugin.PluginManager.getPlugins - Initialized plugin Plugin[type=SSHPlugin,interface=SSHPlugin] {}
[INFO ] 2019-03-15T09:05:30,558Z [main] plugin.PluginManager.getPlugins - Initialized plugin Plugin[type=SSHInlinePlugin,interface=CommandPlugin] {}
[INFO ] 2019-03-15T09:05:30,558Z [main] plugin.PluginManager.getPlugins - Initialized plugin Plugin[type=KeyAuthenticationPlugin,interface=KeyAuthenticationPlugin] {}
[INFO ] 2019-03-15T09:05:30,577Z [main] plugin.PluginManager.getPlugins - Initialized plugin Plugin[type=GroovyLanguageProxy,interface=Language] {}
[INFO ] 2019-03-15T09:05:30,579Z [main] plugin.PluginManager.getPlugins - Initialized plugin Plugin[type=ScriptLanguage,interface=Language] {}
[INFO ] 2019-03-15T09:05:30,590Z [main] plugin.PluginManager.getPlugins - Initialized plugin Plugin[type=CRaSHShellFactory,interface=ShellFactory] {}
[INFO ] 2019-03-15T09:05:30,590Z [main] plugin.PluginManager.getPlugins - Initialized plugin Plugin[type=JaasAuthenticationPlugin,interface=AuthenticationPlugin] {}
[INFO ] 2019-03-15T09:05:30,591Z [main] plugin.PluginManager.getPlugins - Initialized plugin Plugin[type=SimpleAuthenticationPlugin,interface=AuthenticationPlugin] {}
[INFO ] 2019-03-15T09:05:30,591Z [main] plugin.PluginManager.getPlugins - Initialized plugin Plugin[type=CordaAuthenticationPlugin,interface=AuthenticationPlugin] {}
[WARN ] 2019-03-15T09:05:31,798Z [main] utilities.AppendOnlyPersistentMapBase.set - Double insert in net.corda.node.utilities.AppendOnlyPersistentMap for entity class class net.corda.node.services.identity.PersistentIdentityService$PersistentIdentity key A8375DB36FA3F416269848FDD2C1B0B28B1EEB54C2AF8F12183163B4DA2DF369, not inserting the second time {}
[INFO ] 2019-03-15T09:05:31,799Z [main] messaging.P2PMessagingClient.updateBridgesOnNetworkChange - Updating bridges on network map change: NodeInfo(addresses=[[2001:4ca0:2003:1920:a8ee:28f3:5bf8:43ce%en0]:10002], legalIdentitiesAndCerts=[O=Notary, L=London, C=GB], platformVersion=3, serial=1552640670478) {}
[INFO ] 2019-03-15T09:05:31,969Z [RxIoScheduler-2] network.PersistentNetworkMapCache.addNode - Adding node with info: NodeInfo(addresses=[[2001:4ca0:2003:1920:a8ee:28f3:5bf8:43ce%en0]:10002], legalIdentitiesAndCerts=[O=Notary, L=London, C=GB], platformVersion=3, serial=1552640670478) {}
[INFO ] 2019-03-15T09:05:31,988Z [RxIoScheduler-2] network.PersistentNetworkMapCache.addNode - Previous node was identical to incoming one - doing nothing {}
[INFO ] 2019-03-15T09:05:31,988Z [RxIoScheduler-2] network.PersistentNetworkMapCache.addNode - Done adding node with info: NodeInfo(addresses=[[2001:4ca0:2003:1920:a8ee:28f3:5bf8:43ce%en0]:10002], legalIdentitiesAndCerts=[O=Notary, L=London, C=GB], platformVersion=3, serial=1552640670478) {}
[INFO ] 2019-03-15T09:05:31,988Z [RxIoScheduler-2] network.PersistentNetworkMapCache.addNode - Adding node with info: NodeInfo(addresses=[[2001:4ca0:2003:1920:a8ee:28f3:5bf8:43ce%en0]:10005], legalIdentitiesAndCerts=[O=PartyA, L=London, C=GB], platformVersion=3, serial=1552640668531) {}
[INFO ] 2019-03-15T09:05:31,991Z [RxIoScheduler-2] network.PersistentNetworkMapCache.addNode - No previous node found {}
[INFO ] 2019-03-15T09:05:32,010Z [main] BasicInfo.printBasicNodeInfo - Loaded CorDapps                         : cordapp-contracts-states-0.1, cordapp-0.1, smart-invoice-0.1, corda-core-3.3-corda {}
[INFO ] 2019-03-15T09:05:32,016Z [main] BasicInfo.printBasicNodeInfo - Node for "Notary" started up and registered in 15.77 sec {}
[INFO ] 2019-03-15T09:05:32,036Z [RxIoScheduler-2] messaging.P2PMessagingClient.updateBridgesOnNetworkChange - Updating bridges on network map change: NodeInfo(addresses=[[2001:4ca0:2003:1920:a8ee:28f3:5bf8:43ce%en0]:10005], legalIdentitiesAndCerts=[O=PartyA, L=London, C=GB], platformVersion=3, serial=1552640668531) {}
[INFO ] 2019-03-15T09:05:32,042Z [RxIoScheduler-2] network.PersistentNetworkMapCache.addNode - Done adding node with info: NodeInfo(addresses=[[2001:4ca0:2003:1920:a8ee:28f3:5bf8:43ce%en0]:10005], legalIdentitiesAndCerts=[O=PartyA, L=London, C=GB], platformVersion=3, serial=1552640668531) {}
[INFO ] 2019-03-15T09:05:32,042Z [RxIoScheduler-2] network.PersistentNetworkMapCache.addNode - Adding node with info: NodeInfo(addresses=[[2001:4ca0:2003:1920:a8ee:28f3:5bf8:43ce%en0]:10008], legalIdentitiesAndCerts=[O=PartyB, L=New York, C=US], platformVersion=3, serial=1552640670473) {}
[INFO ] 2019-03-15T09:05:32,045Z [RxIoScheduler-2] network.PersistentNetworkMapCache.addNode - No previous node found {}
[INFO ] 2019-03-15T09:05:32,066Z [RxIoScheduler-2] messaging.P2PMessagingClient.updateBridgesOnNetworkChange - Updating bridges on network map change: NodeInfo(addresses=[[2001:4ca0:2003:1920:a8ee:28f3:5bf8:43ce%en0]:10008], legalIdentitiesAndCerts=[O=PartyB, L=New York, C=US], platformVersion=3, serial=1552640670473) {}
[INFO ] 2019-03-15T09:05:32,070Z [RxIoScheduler-2] network.PersistentNetworkMapCache.addNode - Done adding node with info: NodeInfo(addresses=[[2001:4ca0:2003:1920:a8ee:28f3:5bf8:43ce%en0]:10008], legalIdentitiesAndCerts=[O=PartyB, L=New York, C=US], platformVersion=3, serial=1552640670473) {}
[INFO ] 2019-03-15T09:05:32,313Z [main] messaging.RPCServer.start - Starting RPC server with configuration RPCServerConfiguration(rpcThreadPoolSize=4, reapInterval=PT1S, deduplicationCacheExpiry=PT24H) {}
[INFO ] 2019-03-15T10:15:41,044Z [Command line shell terminator] shell.InteractiveShell.invoke - Command shell has exited {}
[INFO ] 2019-03-15T10:15:41,054Z [Command line shell terminator] BasicInfo.printBasicNodeInfo - Shutting down ... {}
[INFO ] 2019-03-15T10:15:41,091Z [main] internal.Node.run - Node exiting successfully {}
